#
# A fatal error has been detected by the Java Runtime Environment:
#
#  SIGSEGV (0xb) at pc=0x000000010a9bfbcf, pid=3076, tid=28675
#
# JRE version: OpenJDK Runtime Environment Temurin-17.0.3+7 (17.0.3+7) (build 17.0.3+7)
# Java VM: OpenJDK 64-Bit Server VM Temurin-17.0.3+7 (17.0.3+7, mixed mode, sharing, tiered, compressed oops, compressed class ptrs, g1 gc, bsd-amd64)
# Problematic frame:
# V  [libjvm.dylib+0x151bcf]  AddPNode::bottom_type() const+0x8f
#
# No core dump will be written. Core dumps have been disabled. To enable core dumping, try "ulimit -c unlimited" before starting Java again
#
# If you would like to submit a bug report, please visit:
#   https://github.com/adoptium/adoptium-support/issues
#

---------------  S U M M A R Y ------------

Command Line: --module-path=/Users/arkadiuszkuzma/javafx-sdk-21/lib --add-modules=javafx.fxml,javafx.graphics,javafx.controls,javafx.base,javafx.media,javafx.swing,javafx.web com.myflock.myflockapp.MyFlockApp

Host: "MacBookAir10,1" x86_64 (EMULATED) 2400 MHz, 8 cores, 8G, Darwin 23.1.0, macOS 10.16 (23B74)
Time: Tue Nov  7 19:45:34 2023 CET elapsed time: 18.926370 seconds (0d 0h 0m 18s)

---------------  T H R E A D  ---------------

Current thread (0x00007fa55e010800):  JavaThread "C2 CompilerThread0" daemon [_thread_in_native, id=28675, stack(0x000000030686c000,0x000000030696c000)]


Current CompileTask:
C2:  18926 3306       4       com.sun.marlin.MaskMarlinAlphaConsumer::setAndClearRelativeAlphas (641 bytes)

Stack: [0x000000030686c000,0x000000030696c000],  sp=0x0000000306967f00,  free space=1007k
Native frames: (J=compiled Java code, j=interpreted, Vv=VM code, C=native code)
V  [libjvm.dylib+0x151bcf]  AddPNode::bottom_type() const+0x8f
V  [libjvm.dylib+0x151b5d]  AddPNode::bottom_type() const+0x1d
V  [libjvm.dylib+0x82da77]  MemNode::adr_type() const+0x17
V  [libjvm.dylib+0x77987b]  PhaseIdealLoop::get_late_ctrl_with_anti_dep(LoadNode*, Node*, Node*)+0x39b
V  [libjvm.dylib+0x77ad10]  PhaseIdealLoop::build_loop_late_post_work(Node*, bool)+0x250
V  [libjvm.dylib+0x7778cc]  PhaseIdealLoop::build_loop_late(VectorSet&, Node_List&, Node_Stack&)+0x22c
V  [libjvm.dylib+0x776353]  PhaseIdealLoop::build_and_optimize(LoopOptsMode)+0x883
V  [libjvm.dylib+0x32c8d4]  PhaseIdealLoop::optimize(PhaseIterGVN&, LoopOptsMode)+0x54
V  [libjvm.dylib+0x32cb48]  Compile::optimize_loops(PhaseIterGVN&, LoopOptsMode)+0xa8
V  [libjvm.dylib+0x3286f3]  Compile::Optimize()+0x1c93
V  [libjvm.dylib+0x325678]  Compile::Compile(ciEnv*, ciMethod*, int, bool, bool, bool, bool, bool, DirectiveSet*)+0x1128
V  [libjvm.dylib+0x2875a6]  C2Compiler::compile_method(ciEnv*, ciMethod*, int, bool, DirectiveSet*)+0xb6
V  [libjvm.dylib+0x339b29]  CompileBroker::invoke_compiler_on_method(CompileTask*)+0x659
V  [libjvm.dylib+0x3391fe]  CompileBroker::compiler_thread_loop()+0x21e
V  [libjvm.dylib+0xaa2095]  JavaThread::thread_main_inner()+0x145
V  [libjvm.dylib+0xaa044a]  Thread::call_run()+0x11a
V  [libjvm.dylib+0x8acd9b]  thread_native_entry(Thread*)+0x14b
C  [libsystem_pthread.dylib+0x6202]  _pthread_start+0x63
C  [libsystem_pthread.dylib+0x1bab]  thread_start+0xf


siginfo: si_signo: 11 (SIGSEGV), si_code: 1 (SEGV_MAPERR), si_addr: 0x000000012f343190

Register to memory mapping:

RAX=0x000000010b584ef0: _ZTV10TypeAryPtr+0x10 in /Library/Java/JavaVirtualMachines/temurin-17.jdk/Contents/Home/lib/server/libjvm.dylib at 0x000000010a86e000
RBX=0x00007fa55f527238 points into unknown readable memory: 0x000000010b549b88 | 88 9b 54 0b 01 00 00 00
RCX=0x8000000000000000 is an unknown value
RDX=0x00007fa55f520098 points into unknown readable memory: 0x00007fa55f520058 | 58 00 52 5f a5 7f 00 00
RSP=0x0000000306967f00 is pointing into the stack for thread: 0x00007fa55e010800
RBP=0x0000000306967f10 is pointing into the stack for thread: 0x00007fa55e010800
RSI=0xffffffff88ca6bff is an unknown value
RDI=0x00007fa50c08f398 points into unknown readable memory: 0x000000010b584ef0 | f0 4e 58 0b 01 00 00 00
R8 =0x0 is NULL
R9 =0x00007fa55f519ac0 points into unknown readable memory: 0x00007fa55f519b10 | 10 9b 51 5f a5 7f 00 00
R10=0x00007fa55f538010 points into unknown readable memory: 0x0000000000000000 | 00 00 00 00 00 00 00 00
R11=0x00007fa50c0a80e0 points into unknown readable memory: 0x00007fa55facaeb8 | b8 ae ac 5f a5 7f 00 00
R12=0x00007fa55f9e3608 points into unknown readable memory: 0x000000010b546250 | 50 62 54 0b 01 00 00 00
R13=0x0000000000000017 is an unknown value
R14=0x00007fa50c08f398 points into unknown readable memory: 0x000000010b584ef0 | f0 4e 58 0b 01 00 00 00
R15=0x0000000000000005 is an unknown value


Registers:
RAX=0x000000010b584ef0, RBX=0x00007fa55f527238, RCX=0x8000000000000000, RDX=0x00007fa55f520098
RSP=0x0000000306967f00, RBP=0x0000000306967f10, RSI=0xffffffff88ca6bff, RDI=0x00007fa50c08f398
R8 =0x0000000000000000, R9 =0x00007fa55f519ac0, R10=0x00007fa55f538010, R11=0x00007fa50c0a80e0
R12=0x00007fa55f9e3608, R13=0x0000000000000017, R14=0x00007fa50c08f398, R15=0x0000000000000005
RIP=0x000000010a9bfbcf, EFLAGS=0x0000000000000a12, ERR=0x0000000000000004
  TRAPNO=0x000000000000000e

Top of Stack: (sp=0x0000000306967f00)
0x0000000306967f00:   00007fa55f527120 00007fa55f5272b0
0x0000000306967f10:   0000000306967f30 000000010a9bfb5d
0x0000000306967f20:   00007fa55f526508 00007fa55f5272b0
0x0000000306967f30:   0000000306967f40 000000010b09ba77
0x0000000306967f40:   0000000306968010 000000010afe787b
0x0000000306967f50:   0000600001c04450 0000000000000000
0x0000000306967f60:   0000000000000040 00007fa55f520288
0x0000000306967f70:   00007fa55f9e3588 00007fa55f521518
0x0000000306967f80:   0000600001c04450 0000001500000020
0x0000000306967f90:   00007fa50c109f40 000000030000001e
0x0000000306967fa0:   00007fa500000040 00007fa50c109e40
0x0000000306967fb0:   0000000000000040 0000600001c04450
0x0000000306967fc0:   0000000300000000 00007fa55f520058
0x0000000306967fd0:   0000000000000005 0000000306968400
0x0000000306967fe0:   00007fa55f5220d0 00007fa55f5220d0
0x0000000306967ff0:   0000000306968400 00007fa55f521518
0x0000000306968000:   0000000000000021 00007fa55f520058
0x0000000306968010:   0000000306968050 000000010afe8d10
0x0000000306968020:   00007fa50c109610 0000000306968380
0x0000000306968030:   0000000306968400 00007fa55d2e5ae8
0x0000000306968040:   0000000000000019 00007fa55f521518
0x0000000306968050:   00000003069680c0 000000010afe58cc
0x0000000306968060:   00000003069680a0 0000000306968db8
0x0000000306968070:   00007fa55f521518 0000000306968380
0x0000000306968080:   0000000306968330 0000000306968358
0x0000000306968090:   0000001906968dd8 0000000000000001
0x00000003069680a0:   0000000306968400 0000000306968410
0x00000003069680b0:   00007fa55cb80400 0000600001011380
0x00000003069680c0:   00000003069683f0 000000010afe4353
0x00000003069680d0:   0000000306968130 0000600001c04450
0x00000003069680e0:   0000000300000004 00007fa50c0d4ef0
0x00000003069680f0:   0000001000000000 00007fa55facad60 

Instructions: (pc=0x000000010a9bfbcf)
0x000000010a9bfacf:   50 08 4c 8b 40 18 31 f6 4c 89 ef e8 d1 50 73 00
0x000000010a9bfadf:   48 8d 05 92 a0 b8 00 48 83 c0 10 49 89 45 00 41
0x000000010a9bfaef:   c7 45 2c 00 02 00 00 48 8b 7d d0 48 8b 07 4c 89
0x000000010a9bfaff:   ee 49 89 fd ff 50 08 49 89 c7 48 8b 43 08 48 8b
0x000000010a9bfb0f:   58 18 be 02 00 00 00 4c 89 e7 4c 89 fa 4c 89 e9
0x000000010a9bfb1f:   e8 7c b4 79 00 be 03 00 00 00 4c 89 e7 48 89 da
0x000000010a9bfb2f:   4c 89 e9 e8 69 b4 79 00 4c 89 e3 e9 02 fd ff ff
0x000000010a9bfb3f:   90 55 48 89 e5 41 56 53 48 89 fb 48 8b 47 08 48
0x000000010a9bfb4f:   8b 78 10 48 85 ff 74 5c 48 8b 07 ff 50 28 49 89
0x000000010a9bfb5f:   c6 8b 40 10 83 f8 11 7c 3c 4d 85 f6 74 37 83 f8
0x000000010a9bfb6f:   18 7d 32 48 8b 43 08 48 8b 78 18 48 8b 07 ff 50
0x000000010a9bfb7f:   28 48 8d 0d c9 d7 c3 00 48 3b 01 74 36 48 8b 48
0x000000010a9bfb8f:   18 48 3b 48 20 48 c7 c6 ff 6b ca 88 48 0f 44 f1
0x000000010a9bfb9f:   49 8b 06 eb 28 48 8d 05 a5 d7 c3 00 48 8b 00 5b
0x000000010a9bfbaf:   41 5e 5d c3 48 8d 05 2e d9 c3 00 48 8b 00 5b 41
0x000000010a9bfbbf:   5e 5d c3 49 8b 06 48 c7 c6 00 6c ca 88 4c 89 f7
0x000000010a9bfbcf:   ff 90 c0 00 00 00 5b 41 5e 5d c3 66 0f 1f 44 00
0x000000010a9bfbdf:   00 48 8b 57 08 48 8b 42 10 8b 40 28 48 8b 76 50
0x000000010a9bfbef:   48 8b 0c c6 48 8d 05 56 d7 c3 00 48 8b 00 48 39
0x000000010a9bfbff:   c1 74 40 48 8b 52 18 8b 52 28 48 8b 14 d6 48 39
0x000000010a9bfc0f:   c2 74 30 55 48 89 e5 8b 41 10 83 c0 ef 31 ff 83
0x000000010a9bfc1f:   f8 07 48 0f 42 f9 48 8b 42 18 48 3b 42 20 48 c7
0x000000010a9bfc2f:   c6 ff 6b ca 88 48 0f 44 f0 48 8b 07 ff 90 c0 00
0x000000010a9bfc3f:   00 00 5d c3 66 2e 0f 1f 84 00 00 00 00 00 0f 1f
0x000000010a9bfc4f:   00 55 48 89 e5 41 56 53 49 89 d6 b8 ff 03 00 00
0x000000010a9bfc5f:   23 47 2c 3d 00 02 00 00 75 48 48 8b 47 08 48 8b
0x000000010a9bfc6f:   48 08 48 8b 58 10 48 8b 40 18 48 39 d9 74 07 48
0x000000010a9bfc7f:   83 79 10 00 75 2c 48 89 f7 48 89 c6 e8 c0 6a 79
0x000000010a9bfc8f:   00 48 85 c0 74 15 48 8b 48 18 48 3b 48 20 75 0b
0x000000010a9bfc9f:   48 81 f9 ff 6b ca 88 74 09 eb 10 49 c7 06 ff 6b
0x000000010a9bfcaf:   ca 88 48 c7 c1 ff 6b ca 88 31 db 49 89 0e 48 89
0x000000010a9bfcbf:   d8 5b 41 5e 5d c3 66 2e 0f 1f 84 00 00 00 00 00 


Stack slot to memory mapping:
stack at sp + 0 slots: 0x00007fa55f527120 points into unknown readable memory: 0x000000010b549b88 | 88 9b 54 0b 01 00 00 00
stack at sp + 1 slots: 0x00007fa55f5272b0 points into unknown readable memory: 0x000000010b54c260 | 60 c2 54 0b 01 00 00 00
stack at sp + 2 slots: 0x0000000306967f30 is pointing into the stack for thread: 0x00007fa55e010800
stack at sp + 3 slots: 0x000000010a9bfb5d: _ZNK8AddPNode11bottom_typeEv+0x1d in /Library/Java/JavaVirtualMachines/temurin-17.jdk/Contents/Home/lib/server/libjvm.dylib at 0x000000010a86e000
stack at sp + 4 slots: 0x00007fa55f526508 points into unknown readable memory: 0x000000010b54add0 | d0 ad 54 0b 01 00 00 00
stack at sp + 5 slots: 0x00007fa55f5272b0 points into unknown readable memory: 0x000000010b54c260 | 60 c2 54 0b 01 00 00 00
stack at sp + 6 slots: 0x0000000306967f40 is pointing into the stack for thread: 0x00007fa55e010800
stack at sp + 7 slots: 0x000000010b09ba77: _ZNK7MemNode8adr_typeEv+0x17 in /Library/Java/JavaVirtualMachines/temurin-17.jdk/Contents/Home/lib/server/libjvm.dylib at 0x000000010a86e000


---------------  P R O C E S S  ---------------

Threads class SMR info:
_java_thread_list=0x0000600001383c40, length=20, elements={
0x00007fa55d808c00, 0x00007fa55e00fc00, 0x00007fa55e009400, 0x00007fa55e011800,
0x00007fa55e011e00, 0x00007fa55e010200, 0x00007fa55e010800, 0x00007fa55e010e00,
0x00007fa55e01cc00, 0x00007fa55f047000, 0x00007fa55f81c000, 0x00007fa55f864600,
0x00007fa55f940c00, 0x00007fa55c0fc400, 0x00007fa55e059000, 0x00007fa55fa59400,
0x00007fa55c124a00, 0x00007fa55d17a600, 0x00007fa55d2ba600, 0x00007fa55f4bee00
}

Java Threads: ( => current thread )
  0x00007fa55d808c00 JavaThread "main" [_thread_blocked, id=16131, stack(0x0000000305b37000,0x0000000305c37000)]
  0x00007fa55e00fc00 JavaThread "Reference Handler" daemon [_thread_blocked, id=32523, stack(0x000000030624c000,0x000000030634c000)]
  0x00007fa55e009400 JavaThread "Finalizer" daemon [_thread_blocked, id=31747, stack(0x000000030634f000,0x000000030644f000)]
  0x00007fa55e011800 JavaThread "Signal Dispatcher" daemon [_thread_blocked, id=24835, stack(0x0000000306563000,0x0000000306663000)]
  0x00007fa55e011e00 JavaThread "Service Thread" daemon [_thread_blocked, id=25347, stack(0x0000000306666000,0x0000000306766000)]
  0x00007fa55e010200 JavaThread "Monitor Deflation Thread" daemon [_thread_blocked, id=28931, stack(0x0000000306769000,0x0000000306869000)]
=>0x00007fa55e010800 JavaThread "C2 CompilerThread0" daemon [_thread_in_native, id=28675, stack(0x000000030686c000,0x000000030696c000)]
  0x00007fa55e010e00 JavaThread "C1 CompilerThread0" daemon [_thread_in_native, id=25859, stack(0x000000030696f000,0x0000000306a6f000)]
  0x00007fa55e01cc00 JavaThread "Sweeper thread" daemon [_thread_blocked, id=26371, stack(0x0000000306a72000,0x0000000306b72000)]
  0x00007fa55f047000 JavaThread "Common-Cleaner" daemon [_thread_blocked, id=27923, stack(0x0000000306b75000,0x0000000306c75000)]
  0x00007fa55f81c000 JavaThread "Notification Thread" daemon [_thread_blocked, id=43283, stack(0x0000000306c78000,0x0000000306d78000)]
  0x00007fa55f864600 JavaThread "QuantumRenderer-0" daemon [_thread_blocked, id=42771, stack(0x0000000306e7e000,0x0000000306f7e000)]
  0x00007fa55f940c00 JavaThread "InvokeLaterDispatcher" daemon [_thread_blocked, id=64531, stack(0x0000000307007000,0x0000000307107000)]
  0x00007fa55c0fc400 JavaThread "JavaFX Application Thread" [_thread_in_Java, id=259, stack(0x00000003052b4000,0x0000000305ab4000)]
  0x00007fa55e059000 JavaThread "mysql-cj-abandoned-connection-cleanup" daemon [_thread_blocked, id=70767, stack(0x0000000307496000,0x0000000307596000)]
  0x00007fa55fa59400 JavaThread "Hibernate Connection Pool Validation Thread" daemon [_thread_blocked, id=73855, stack(0x0000000307aa8000,0x0000000307ba8000)]
  0x00007fa55c124a00 JavaThread "JavaFX-Launcher" [_thread_blocked, id=79219, stack(0x0000000307bab000,0x0000000307cab000)]
  0x00007fa55d17a600 JavaThread "Prism Font Disposer" daemon [_thread_blocked, id=78463, stack(0x0000000307cae000,0x0000000307dae000)]
  0x00007fa55d2ba600 JavaThread "Cleaner-0" daemon [_thread_blocked, id=88075, stack(0x0000000307db1000,0x0000000307eb1000)]
  0x00007fa55f4bee00 JavaThread "PulseTimer-CVDisplayLink thread" daemon [_thread_in_native, id=91147, stack(0x00000003064db000,0x000000030655b000)]

Other Threads:
  0x00007fa55cd05ca0 VMThread "VM Thread" [stack: 0x0000000306149000,0x0000000306249000] [id=22275]
  0x00007fa55cb0bc10 WatcherThread [stack: 0x0000000306d7b000,0x0000000306e7b000] [id=43011]
  0x00007fa55cb042b0 GCTaskThread "GC Thread#0" [stack: 0x0000000305c3a000,0x0000000305d3a000] [id=16899]
  0x00007fa55cc36620 GCTaskThread "GC Thread#1" [stack: 0x000000030718d000,0x000000030728d000] [id=53783]
  0x00007fa55cc368c0 GCTaskThread "GC Thread#2" [stack: 0x0000000307290000,0x0000000307390000] [id=82183]
  0x00007fa55cc36b60 GCTaskThread "GC Thread#3" [stack: 0x0000000307393000,0x0000000307493000] [id=81155]
  0x00007fa55cc497f0 GCTaskThread "GC Thread#4" [stack: 0x0000000307599000,0x0000000307699000] [id=71003]
  0x00007fa55cc49c60 GCTaskThread "GC Thread#5" [stack: 0x000000030769c000,0x000000030779c000] [id=71171]
  0x00007fa55cc4a0d0 GCTaskThread "GC Thread#6" [stack: 0x000000030779f000,0x000000030789f000] [id=71683]
  0x00007fa55cc4a540 GCTaskThread "GC Thread#7" [stack: 0x00000003078a2000,0x00000003079a2000] [id=71939]
  0x00007fa55bf07df0 ConcurrentGCThread "G1 Main Marker" [stack: 0x0000000305d3d000,0x0000000305e3d000] [id=21507]
  0x00007fa55bf08670 ConcurrentGCThread "G1 Conc#0" [stack: 0x0000000305e40000,0x0000000305f40000] [id=17923]
  0x00007fa55cb5d9f0 ConcurrentGCThread "G1 Conc#1" [stack: 0x00000003079a5000,0x0000000307aa5000] [id=72451]
  0x00007fa55cc043b0 ConcurrentGCThread "G1 Refine#0" [stack: 0x0000000305f43000,0x0000000306043000] [id=18179]
  0x00007fa55cd041a0 ConcurrentGCThread "G1 Service" [stack: 0x0000000306046000,0x0000000306146000] [id=18691]

Threads with active compile tasks:
C2 CompilerThread0    18944 3306       4       com.sun.marlin.MaskMarlinAlphaConsumer::setAndClearRelativeAlphas (641 bytes)

VM state: not at safepoint (normal execution)

VM Mutex/Monitor currently owned by a thread: None

Heap address: 0x0000000780000000, size: 2048 MB, Compressed Oops mode: Zero based, Oop shift amount: 3

CDS archive(s) mapped at: [0x0000000800000000-0x0000000800bd2000-0x0000000800bd2000), size 12394496, SharedBaseAddress: 0x0000000800000000, ArchiveRelocationMode: 0.
Compressed class space mapped at: 0x0000000800c00000-0x0000000840c00000, reserved size: 1073741824
Narrow klass base: 0x0000000800000000, Narrow klass shift: 0, Narrow klass range: 0x100000000

GC Precious Log:
 CPUs: 8 total, 8 available
 Memory: 8192M
 Large Page Support: Disabled
 NUMA Support: Disabled
 Compressed Oops: Enabled (Zero based)
 Heap Region Size: 1M
 Heap Min Capacity: 8M
 Heap Initial Capacity: 128M
 Heap Max Capacity: 2G
 Pre-touch: Disabled
 Parallel Workers: 8
 Concurrent Workers: 2
 Concurrent Refinement Workers: 8
 Periodic GC: Disabled

Heap:
 garbage-first heap   total 75776K, used 24132K [0x0000000780000000, 0x0000000800000000)
  region size 1024K, 8 young (8192K), 1 survivors (1024K)
 Metaspace       used 41130K, committed 41408K, reserved 1089536K
  class space    used 5945K, committed 6080K, reserved 1048576K

Heap Regions: E=young(eden), S=young(survivor), O=old, HS=humongous(starts), HC=humongous(continues), CS=collection set, F=free, OA=open archive, CA=closed archive, TAMS=top-at-mark-start (previous, next)
|   0|0x0000000780000000, 0x0000000780100000, 0x0000000780100000|100%|HS|  |TAMS 0x0000000780100000, 0x0000000780000000| Complete 
|   1|0x0000000780100000, 0x0000000780200000, 0x0000000780200000|100%| O|  |TAMS 0x0000000780200000, 0x0000000780100000| Untracked 
|   2|0x0000000780200000, 0x0000000780300000, 0x0000000780300000|100%| O|  |TAMS 0x0000000780300000, 0x0000000780200000| Untracked 
|   3|0x0000000780300000, 0x0000000780400000, 0x0000000780400000|100%| O|  |TAMS 0x0000000780400000, 0x0000000780300000| Untracked 
|   4|0x0000000780400000, 0x0000000780500000, 0x0000000780500000|100%| O|  |TAMS 0x0000000780500000, 0x0000000780400000| Untracked 
|   5|0x0000000780500000, 0x0000000780600000, 0x0000000780600000|100%| O|  |TAMS 0x0000000780500000, 0x0000000780500000| Untracked 
|   6|0x0000000780600000, 0x0000000780700000, 0x0000000780700000|100%| O|  |TAMS 0x0000000780700000, 0x0000000780600000| Untracked 
|   7|0x0000000780700000, 0x0000000780800000, 0x0000000780800000|100%| O|  |TAMS 0x0000000780800000, 0x0000000780700000| Untracked 
|   8|0x0000000780800000, 0x0000000780900000, 0x0000000780900000|100%| O|  |TAMS 0x0000000780900000, 0x0000000780800000| Untracked 
|   9|0x0000000780900000, 0x0000000780a00000, 0x0000000780a00000|100%| O|  |TAMS 0x0000000780a00000, 0x0000000780900000| Untracked 
|  10|0x0000000780a00000, 0x0000000780a00000, 0x0000000780b00000|  0%| F|  |TAMS 0x0000000780a00000, 0x0000000780a00000| Untracked 
|  11|0x0000000780b00000, 0x0000000780c00000, 0x0000000780c00000|100%| O|  |TAMS 0x0000000780b1e800, 0x0000000780b00000| Untracked 
|  12|0x0000000780c00000, 0x0000000780d00000, 0x0000000780d00000|100%| O|  |TAMS 0x0000000780c00000, 0x0000000780c00000| Untracked 
|  13|0x0000000780d00000, 0x0000000780e00000, 0x0000000780e00000|100%| O|  |TAMS 0x0000000780d00000, 0x0000000780d00000| Untracked 
|  14|0x0000000780e00000, 0x0000000780f00000, 0x0000000780f00000|100%| O|  |TAMS 0x0000000780e00000, 0x0000000780e00000| Untracked 
|  15|0x0000000780f00000, 0x0000000780f5e600, 0x0000000781000000| 36%| O|  |TAMS 0x0000000780f00000, 0x0000000780f00000| Untracked 
|  16|0x0000000781000000, 0x0000000781100000, 0x0000000781100000|100%|HS|  |TAMS 0x0000000781000000, 0x0000000781000000| Complete 
|  17|0x0000000781100000, 0x0000000781200000, 0x0000000781200000|100%|HC|  |TAMS 0x0000000781100000, 0x0000000781100000| Complete 
|  18|0x0000000781200000, 0x0000000781200000, 0x0000000781300000|  0%| F|  |TAMS 0x0000000781200000, 0x0000000781200000| Untracked 
|  19|0x0000000781300000, 0x0000000781300000, 0x0000000781400000|  0%| F|  |TAMS 0x0000000781300000, 0x0000000781300000| Untracked 
|  20|0x0000000781400000, 0x0000000781400000, 0x0000000781500000|  0%| F|  |TAMS 0x0000000781400000, 0x0000000781400000| Untracked 
|  21|0x0000000781500000, 0x0000000781500000, 0x0000000781600000|  0%| F|  |TAMS 0x0000000781500000, 0x0000000781500000| Untracked 
|  22|0x0000000781600000, 0x0000000781600000, 0x0000000781700000|  0%| F|  |TAMS 0x0000000781600000, 0x0000000781600000| Untracked 
|  23|0x0000000781700000, 0x0000000781700000, 0x0000000781800000|  0%| F|  |TAMS 0x0000000781700000, 0x0000000781700000| Untracked 
|  24|0x0000000781800000, 0x0000000781800000, 0x0000000781900000|  0%| F|  |TAMS 0x0000000781800000, 0x0000000781800000| Untracked 
|  25|0x0000000781900000, 0x0000000781900000, 0x0000000781a00000|  0%| F|  |TAMS 0x0000000781900000, 0x0000000781900000| Untracked 
|  26|0x0000000781a00000, 0x0000000781a00000, 0x0000000781b00000|  0%| F|  |TAMS 0x0000000781a00000, 0x0000000781a00000| Untracked 
|  27|0x0000000781b00000, 0x0000000781b00000, 0x0000000781c00000|  0%| F|  |TAMS 0x0000000781b00000, 0x0000000781b00000| Untracked 
|  28|0x0000000781c00000, 0x0000000781c00000, 0x0000000781d00000|  0%| F|  |TAMS 0x0000000781c00000, 0x0000000781c00000| Untracked 
|  29|0x0000000781d00000, 0x0000000781d00000, 0x0000000781e00000|  0%| F|  |TAMS 0x0000000781d00000, 0x0000000781d00000| Untracked 
|  30|0x0000000781e00000, 0x0000000781e00000, 0x0000000781f00000|  0%| F|  |TAMS 0x0000000781e00000, 0x0000000781e00000| Untracked 
|  31|0x0000000781f00000, 0x0000000781f00000, 0x0000000782000000|  0%| F|  |TAMS 0x0000000781f00000, 0x0000000781f00000| Untracked 
|  32|0x0000000782000000, 0x0000000782000000, 0x0000000782100000|  0%| F|  |TAMS 0x0000000782000000, 0x0000000782000000| Untracked 
|  33|0x0000000782100000, 0x0000000782100000, 0x0000000782200000|  0%| F|  |TAMS 0x0000000782100000, 0x0000000782100000| Untracked 
|  34|0x0000000782200000, 0x0000000782200000, 0x0000000782300000|  0%| F|  |TAMS 0x0000000782200000, 0x0000000782200000| Untracked 
|  35|0x0000000782300000, 0x0000000782300000, 0x0000000782400000|  0%| F|  |TAMS 0x0000000782300000, 0x0000000782300000| Untracked 
|  36|0x0000000782400000, 0x0000000782400000, 0x0000000782500000|  0%| F|  |TAMS 0x0000000782400000, 0x0000000782400000| Untracked 
|  37|0x0000000782500000, 0x0000000782500000, 0x0000000782600000|  0%| F|  |TAMS 0x0000000782500000, 0x0000000782500000| Untracked 
|  38|0x0000000782600000, 0x0000000782600000, 0x0000000782700000|  0%| F|  |TAMS 0x0000000782600000, 0x0000000782600000| Untracked 
|  39|0x0000000782700000, 0x0000000782700000, 0x0000000782800000|  0%| F|  |TAMS 0x0000000782700000, 0x0000000782700000| Untracked 
|  40|0x0000000782800000, 0x0000000782800000, 0x0000000782900000|  0%| F|  |TAMS 0x0000000782800000, 0x0000000782800000| Untracked 
|  41|0x0000000782900000, 0x0000000782900000, 0x0000000782a00000|  0%| F|  |TAMS 0x0000000782900000, 0x0000000782900000| Untracked 
|  42|0x0000000782a00000, 0x0000000782a00000, 0x0000000782b00000|  0%| F|  |TAMS 0x0000000782a00000, 0x0000000782a00000| Untracked 
|  43|0x0000000782b00000, 0x0000000782b00000, 0x0000000782c00000|  0%| F|  |TAMS 0x0000000782b00000, 0x0000000782b00000| Untracked 
|  44|0x0000000782c00000, 0x0000000782c00000, 0x0000000782d00000|  0%| F|  |TAMS 0x0000000782c00000, 0x0000000782c00000| Untracked 
|  45|0x0000000782d00000, 0x0000000782d00000, 0x0000000782e00000|  0%| F|  |TAMS 0x0000000782d00000, 0x0000000782d00000| Untracked 
|  46|0x0000000782e00000, 0x0000000782e00000, 0x0000000782f00000|  0%| F|  |TAMS 0x0000000782e00000, 0x0000000782e00000| Untracked 
|  47|0x0000000782f00000, 0x0000000782f00000, 0x0000000783000000|  0%| F|  |TAMS 0x0000000782f00000, 0x0000000782f00000| Untracked 
|  48|0x0000000783000000, 0x0000000783000000, 0x0000000783100000|  0%| F|  |TAMS 0x0000000783000000, 0x0000000783000000| Untracked 
|  49|0x0000000783100000, 0x0000000783100000, 0x0000000783200000|  0%| F|  |TAMS 0x0000000783100000, 0x0000000783100000| Untracked 
|  50|0x0000000783200000, 0x0000000783200000, 0x0000000783300000|  0%| F|  |TAMS 0x0000000783200000, 0x0000000783200000| Untracked 
|  51|0x0000000783300000, 0x0000000783300000, 0x0000000783400000|  0%| F|  |TAMS 0x0000000783300000, 0x0000000783300000| Untracked 
|  52|0x0000000783400000, 0x0000000783400000, 0x0000000783500000|  0%| F|  |TAMS 0x0000000783400000, 0x0000000783400000| Untracked 
|  53|0x0000000783500000, 0x0000000783500000, 0x0000000783600000|  0%| F|  |TAMS 0x0000000783500000, 0x0000000783500000| Untracked 
|  54|0x0000000783600000, 0x0000000783600000, 0x0000000783700000|  0%| F|  |TAMS 0x0000000783600000, 0x0000000783600000| Untracked 
|  55|0x0000000783700000, 0x0000000783700000, 0x0000000783800000|  0%| F|  |TAMS 0x0000000783700000, 0x0000000783700000| Untracked 
|  56|0x0000000783800000, 0x0000000783800000, 0x0000000783900000|  0%| F|  |TAMS 0x0000000783800000, 0x0000000783800000| Untracked 
|  57|0x0000000783900000, 0x0000000783900000, 0x0000000783a00000|  0%| F|  |TAMS 0x0000000783900000, 0x0000000783900000| Untracked 
|  58|0x0000000783a00000, 0x0000000783a00000, 0x0000000783b00000|  0%| F|  |TAMS 0x0000000783a00000, 0x0000000783a00000| Untracked 
|  59|0x0000000783b00000, 0x0000000783b00000, 0x0000000783c00000|  0%| F|  |TAMS 0x0000000783b00000, 0x0000000783b00000| Untracked 
|  60|0x0000000783c00000, 0x0000000783c00000, 0x0000000783d00000|  0%| F|  |TAMS 0x0000000783c00000, 0x0000000783c00000| Untracked 
|  61|0x0000000783d00000, 0x0000000783d00000, 0x0000000783e00000|  0%| F|  |TAMS 0x0000000783d00000, 0x0000000783d00000| Untracked 
|  62|0x0000000783e00000, 0x0000000783e00000, 0x0000000783f00000|  0%| F|  |TAMS 0x0000000783e00000, 0x0000000783e00000| Untracked 
|  63|0x0000000783f00000, 0x0000000783f00000, 0x0000000784000000|  0%| F|  |TAMS 0x0000000783f00000, 0x0000000783f00000| Untracked 
|  64|0x0000000784000000, 0x00000007840e4b40, 0x0000000784100000| 89%| E|  |TAMS 0x0000000784000000, 0x0000000784000000| Complete 
|  65|0x0000000784100000, 0x0000000784200000, 0x0000000784200000|100%| E|CS|TAMS 0x0000000784100000, 0x0000000784100000| Complete 
|  66|0x0000000784200000, 0x0000000784300000, 0x0000000784300000|100%| E|CS|TAMS 0x0000000784200000, 0x0000000784200000| Complete 
|  91|0x0000000785b00000, 0x0000000785c00000, 0x0000000785c00000|100%| E|CS|TAMS 0x0000000785b00000, 0x0000000785b00000| Complete 
|  92|0x0000000785c00000, 0x0000000785d00000, 0x0000000785d00000|100%| E|CS|TAMS 0x0000000785c00000, 0x0000000785c00000| Complete 
|  93|0x0000000785d00000, 0x0000000785e00000, 0x0000000785e00000|100%| E|CS|TAMS 0x0000000785d00000, 0x0000000785d00000| Complete 
|  94|0x0000000785e00000, 0x0000000785e3dbc0, 0x0000000785f00000| 24%| S|CS|TAMS 0x0000000785e00000, 0x0000000785e00000| Complete 
| 127|0x0000000787f00000, 0x0000000788000000, 0x0000000788000000|100%| E|CS|TAMS 0x0000000787f00000, 0x0000000787f00000| Complete 
|2046|0x00000007ffe00000, 0x00000007ffe76000, 0x00000007fff00000| 46%|OA|  |TAMS 0x00000007ffe76000, 0x00000007ffe00000| Untracked 
|2047|0x00000007fff00000, 0x00000007fff7f000, 0x0000000800000000| 49%|CA|  |TAMS 0x00000007fff7f000, 0x00000007fff00000| Untracked 

Card table byte_map: [0x0000000109b41000,0x0000000109f41000] _byte_map_base: 0x0000000105f41000

Marking Bits (Prev, Next): (CMBitMap*) 0x00007fa55c02e010, (CMBitMap*) 0x00007fa55c02e050
 Prev Bits: [0x0000000123d50000, 0x0000000125d50000)
 Next Bits: [0x0000000125d50000, 0x0000000127d50000)

Polling page: 0x0000000100cc9000

Metaspace:

Usage:
  Non-class:     34.36 MB used.
      Class:      5.81 MB used.
       Both:     40.17 MB used.

Virtual space:
  Non-class space:       40.00 MB reserved,      34.50 MB ( 86%) committed,  5 nodes.
      Class space:        1.00 GB reserved,       5.94 MB ( <1%) committed,  1 nodes.
             Both:        1.04 GB reserved,      40.44 MB (  4%) committed. 

Chunk freelists:
   Non-Class:  1.10 MB
       Class:  2.03 MB
        Both:  3.13 MB

MaxMetaspaceSize: unlimited
CompressedClassSpaceSize: 1.00 GB
Initial GC threshold: 21.00 MB
Current GC threshold: 58.69 MB
CDS: on
MetaspaceReclaimPolicy: balanced
 - commit_granule_bytes: 65536.
 - commit_granule_words: 8192.
 - virtual_space_node_default_size: 1048576.
 - enlarge_chunks_in_place: 1.
 - new_chunks_are_fully_committed: 0.
 - uncommit_free_chunks: 1.
 - use_allocation_guard: 0.
 - handle_deallocations: 1.


Internal statistics:

num_allocs_failed_limit: 6.
num_arena_births: 266.
num_arena_deaths: 0.
num_vsnodes_births: 6.
num_vsnodes_deaths: 0.
num_space_committed: 647.
num_space_uncommitted: 0.
num_chunks_returned_to_freelist: 6.
num_chunks_taken_from_freelist: 1464.
num_chunk_merges: 0.
num_chunk_splits: 1070.
num_chunks_enlarged: 883.
num_purges: 0.
num_inconsistent_stats: 0.

CodeHeap 'non-profiled nmethods': size=120028Kb used=1459Kb max_used=1459Kb free=118568Kb
 bounds [0x000000011c819000, 0x000000011ca89000, 0x0000000123d50000]
CodeHeap 'profiled nmethods': size=120028Kb used=6615Kb max_used=6615Kb free=113412Kb
 bounds [0x00000001152e2000, 0x0000000115962000, 0x000000011c819000]
CodeHeap 'non-nmethods': size=5704Kb used=1533Kb max_used=1548Kb free=4170Kb
 bounds [0x0000000114d50000, 0x0000000114fc0000, 0x00000001152e2000]
 total_blobs=4246 nmethods=3319 adapters=840
 compilation: enabled
              stopped_count=0, restarted_count=0
 full_count=0

Compilation events (20 events):
Event: 18.885 Thread 0x00007fa55e010e00 nmethod 3301 0x000000011c984a10 code [0x000000011c984ba0, 0x000000011c984c70]
Event: 18.885 Thread 0x00007fa55e010e00 3303       1       com.sun.javafx.geom.transform.AffineBase::getMyy (5 bytes)
Event: 18.885 Thread 0x00007fa55e010e00 nmethod 3303 0x000000011c984d10 code [0x000000011c984ea0, 0x000000011c984f70]
Event: 18.885 Thread 0x00007fa55e010e00 3304       1       com.sun.javafx.geom.transform.Translate2D::getMxt (5 bytes)
Event: 18.885 Thread 0x00007fa55e010e00 nmethod 3304 0x000000011c985010 code [0x000000011c9851a0, 0x000000011c985270]
Event: 18.885 Thread 0x00007fa55e010e00 3305       1       com.sun.javafx.geom.transform.Translate2D::getMyt (5 bytes)
Event: 18.886 Thread 0x00007fa55e010e00 nmethod 3305 0x000000011c985310 code [0x000000011c9854a0, 0x000000011c985570]
Event: 18.887 Thread 0x00007fa55e010800 3306       4       com.sun.marlin.MaskMarlinAlphaConsumer::setAndClearRelativeAlphas (641 bytes)
Event: 18.902 Thread 0x00007fa55e010e00 3307   !   3       java.nio.DirectFloatBufferU::put (36 bytes)
Event: 18.904 Thread 0x00007fa55e010e00 nmethod 3307 0x0000000115950910 code [0x0000000115950b80, 0x00000001159515a0]
Event: 18.904 Thread 0x00007fa55e010e00 3308       3       java.nio.DirectFloatBufferU::ix (10 bytes)
Event: 18.904 Thread 0x00007fa55e010e00 nmethod 3308 0x0000000115951a90 code [0x0000000115951c20, 0x0000000115951d30]
Event: 18.905 Thread 0x00007fa55e010e00 3309       3       com.sun.javafx.geom.transform.GeneralTransform3D::get (34 bytes)
Event: 18.905 Thread 0x00007fa55e010e00 nmethod 3309 0x0000000115951d90 code [0x0000000115951f40, 0x0000000115952090]
Event: 18.909 Thread 0x00007fa55e010e00 3310       3       com.sun.prism.impl.VertexBuffer::addQuad (444 bytes)
Event: 18.910 Thread 0x00007fa55e010e00 nmethod 3310 0x0000000115952190 code [0x00000001159523a0, 0x0000000115952d70]
Event: 18.910 Thread 0x00007fa55e010e00 3311       1       com.sun.prism.impl.BaseGraphics::setDepthTest (6 bytes)
Event: 18.910 Thread 0x00007fa55e010e00 nmethod 3311 0x000000011c985610 code [0x000000011c9857a0, 0x000000011c985870]
Event: 18.913 Thread 0x00007fa55e010e00 3312       3       com.sun.javafx.geom.transform.AffineBase::getType (33 bytes)
Event: 18.913 Thread 0x00007fa55e010e00 nmethod 3312 0x0000000115953390 code [0x0000000115953540, 0x0000000115953850]

GC Heap History (16 events):
Event: 6.727 GC heap before
{Heap before GC invocations=0 (full 0):
 garbage-first heap   total 133120K, used 24532K [0x0000000780000000, 0x0000000800000000)
  region size 1024K, 23 young (23552K), 0 survivors (0K)
 Metaspace       used 8381K, committed 8576K, reserved 1056768K
  class space    used 874K, committed 960K, reserved 1048576K
}
Event: 6.736 GC heap after
{Heap after GC invocations=1 (full 0):
 garbage-first heap   total 133120K, used 7140K [0x0000000780000000, 0x0000000800000000)
  region size 1024K, 3 young (3072K), 3 survivors (3072K)
 Metaspace       used 8381K, committed 8576K, reserved 1056768K
  class space    used 874K, committed 960K, reserved 1048576K
}
Event: 8.011 GC heap before
{Heap before GC invocations=1 (full 0):
 garbage-first heap   total 133120K, used 36836K [0x0000000780000000, 0x0000000800000000)
  region size 1024K, 33 young (33792K), 3 survivors (3072K)
 Metaspace       used 21304K, committed 21504K, reserved 1073152K
  class space    used 2665K, committed 2816K, reserved 1048576K
}
Event: 8.022 GC heap after
{Heap after GC invocations=2 (full 0):
 garbage-first heap   total 133120K, used 10169K [0x0000000780000000, 0x0000000800000000)
  region size 1024K, 4 young (4096K), 4 survivors (4096K)
 Metaspace       used 21304K, committed 21504K, reserved 1073152K
  class space    used 2665K, committed 2816K, reserved 1048576K
}
Event: 8.643 GC heap before
{Heap before GC invocations=3 (full 0):
 garbage-first heap   total 45056K, used 30649K [0x0000000780000000, 0x0000000800000000)
  region size 1024K, 25 young (25600K), 4 survivors (4096K)
 Metaspace       used 27872K, committed 28096K, reserved 1073152K
  class space    used 3662K, committed 3776K, reserved 1048576K
}
Event: 8.649 GC heap after
{Heap after GC invocations=4 (full 0):
 garbage-first heap   total 45056K, used 11376K [0x0000000780000000, 0x0000000800000000)
  region size 1024K, 2 young (2048K), 2 survivors (2048K)
 Metaspace       used 27872K, committed 28096K, reserved 1073152K
  class space    used 3662K, committed 3776K, reserved 1048576K
}
Event: 8.672 GC heap before
{Heap before GC invocations=4 (full 0):
 garbage-first heap   total 45056K, used 11376K [0x0000000780000000, 0x0000000800000000)
  region size 1024K, 3 young (3072K), 2 survivors (2048K)
 Metaspace       used 28105K, committed 28288K, reserved 1073152K
  class space    used 3702K, committed 3776K, reserved 1048576K
}
Event: 8.678 GC heap after
{Heap after GC invocations=5 (full 0):
 garbage-first heap   total 45056K, used 11625K [0x0000000780000000, 0x0000000800000000)
  region size 1024K, 1 young (1024K), 1 survivors (1024K)
 Metaspace       used 28105K, committed 28288K, reserved 1073152K
  class space    used 3702K, committed 3776K, reserved 1048576K
}
Event: 9.210 GC heap before
{Heap before GC invocations=5 (full 0):
 garbage-first heap   total 45056K, used 25961K [0x0000000780000000, 0x0000000800000000)
  region size 1024K, 16 young (16384K), 1 survivors (1024K)
 Metaspace       used 32364K, committed 32640K, reserved 1081344K
  class space    used 4300K, committed 4416K, reserved 1048576K
}
Event: 9.212 GC heap after
{Heap after GC invocations=6 (full 0):
 garbage-first heap   total 45056K, used 12554K [0x0000000780000000, 0x0000000800000000)
  region size 1024K, 2 young (2048K), 2 survivors (2048K)
 Metaspace       used 32364K, committed 32640K, reserved 1081344K
  class space    used 4300K, committed 4416K, reserved 1048576K
}
Event: 9.647 GC heap before
{Heap before GC invocations=6 (full 0):
 garbage-first heap   total 45056K, used 26890K [0x0000000780000000, 0x0000000800000000)
  region size 1024K, 17 young (17408K), 2 survivors (2048K)
 Metaspace       used 35741K, committed 35968K, reserved 1081344K
  class space    used 4852K, committed 4992K, reserved 1048576K
}
Event: 9.650 GC heap after
{Heap after GC invocations=7 (full 0):
 garbage-first heap   total 45056K, used 14906K [0x0000000780000000, 0x0000000800000000)
  region size 1024K, 3 young (3072K), 3 survivors (3072K)
 Metaspace       used 35741K, committed 35968K, reserved 1081344K
  class space    used 4852K, committed 4992K, reserved 1048576K
}
Event: 10.313 GC heap before
{Heap before GC invocations=8 (full 0):
 garbage-first heap   total 45056K, used 29242K [0x0000000780000000, 0x0000000800000000)
  region size 1024K, 18 young (18432K), 3 survivors (3072K)
 Metaspace       used 39173K, committed 39488K, reserved 1089536K
  class space    used 5594K, committed 5760K, reserved 1048576K
}
Event: 10.318 GC heap after
{Heap after GC invocations=9 (full 0):
 garbage-first heap   total 75776K, used 15946K [0x0000000780000000, 0x0000000800000000)
  region size 1024K, 2 young (2048K), 2 survivors (2048K)
 Metaspace       used 39173K, committed 39488K, reserved 1089536K
  class space    used 5594K, committed 5760K, reserved 1048576K
}
Event: 10.334 GC heap before
{Heap before GC invocations=9 (full 0):
 garbage-first heap   total 75776K, used 16970K [0x0000000780000000, 0x0000000800000000)
  region size 1024K, 3 young (3072K), 2 survivors (2048K)
 Metaspace       used 39485K, committed 39808K, reserved 1089536K
  class space    used 5728K, committed 5888K, reserved 1048576K
}
Event: 10.336 GC heap after
{Heap after GC invocations=10 (full 0):
 garbage-first heap   total 75776K, used 15940K [0x0000000780000000, 0x0000000800000000)
  region size 1024K, 1 young (1024K), 1 survivors (1024K)
 Metaspace       used 39485K, committed 39808K, reserved 1089536K
  class space    used 5728K, committed 5888K, reserved 1048576K
}

Deoptimization events (20 events):
Event: 10.655 Thread 0x00007fa55f864600 Uncommon trap: trap_request=0xffffff45 fr.pc=0x000000011c8efc54 relative=0x0000000000006a74
Event: 10.655 Thread 0x00007fa55f864600 Uncommon trap: reason=unstable_if action=reinterpret pc=0x000000011c8efc54 method=jdk.internal.org.objectweb.asm.Frame.execute(IILjdk/internal/org/objectweb/asm/Symbol;Ljdk/internal/org/objectweb/asm/SymbolTable;)V @ 1 c2
Event: 10.655 Thread 0x00007fa55f864600 DEOPT PACKING pc=0x000000011c8efc54 sp=0x0000000306f7a0e0
Event: 10.655 Thread 0x00007fa55f864600 DEOPT UNPACKING pc=0x0000000114da2093 sp=0x0000000306f7a078 mode 2
Event: 10.675 Thread 0x00007fa55f864600 Uncommon trap: trap_request=0xffffff45 fr.pc=0x000000011c95a348 relative=0x0000000000004908
Event: 10.675 Thread 0x00007fa55f864600 Uncommon trap: reason=unstable_if action=reinterpret pc=0x000000011c95a348 method=java.lang.invoke.MethodType.checkPtypes([Ljava/lang/Class;)I @ 47 c2
Event: 10.675 Thread 0x00007fa55f864600 DEOPT PACKING pc=0x000000011c95a348 sp=0x0000000306f7b0e0
Event: 10.675 Thread 0x00007fa55f864600 DEOPT UNPACKING pc=0x0000000114da2093 sp=0x0000000306f7b078 mode 2
Event: 18.887 Thread 0x00007fa55f864600 DEOPT PACKING pc=0x0000000115946615 sp=0x0000000306f7bae0
Event: 18.887 Thread 0x00007fa55f864600 DEOPT UNPACKING pc=0x0000000114da2810 sp=0x0000000306f7af68 mode 0
Event: 18.887 Thread 0x00007fa55f864600 DEOPT PACKING pc=0x0000000115946615 sp=0x0000000306f7bae0
Event: 18.887 Thread 0x00007fa55f864600 DEOPT UNPACKING pc=0x0000000114da2810 sp=0x0000000306f7af68 mode 0
Event: 18.890 Thread 0x00007fa55f864600 DEOPT PACKING pc=0x0000000115946615 sp=0x0000000306f7bae0
Event: 18.890 Thread 0x00007fa55f864600 DEOPT UNPACKING pc=0x0000000114da2810 sp=0x0000000306f7af68 mode 0
Event: 18.890 Thread 0x00007fa55f864600 DEOPT PACKING pc=0x0000000115946615 sp=0x0000000306f7bae0
Event: 18.890 Thread 0x00007fa55f864600 DEOPT UNPACKING pc=0x0000000114da2810 sp=0x0000000306f7af68 mode 0
Event: 18.904 Thread 0x00007fa55f864600 DEOPT PACKING pc=0x0000000115946615 sp=0x0000000306f7bae0
Event: 18.904 Thread 0x00007fa55f864600 DEOPT UNPACKING pc=0x0000000114da2810 sp=0x0000000306f7af68 mode 0
Event: 18.906 Thread 0x00007fa55f864600 DEOPT PACKING pc=0x0000000115946615 sp=0x0000000306f7bae0
Event: 18.906 Thread 0x00007fa55f864600 DEOPT UNPACKING pc=0x0000000114da2810 sp=0x0000000306f7af68 mode 0

Classes unloaded (0 events):
No events

Classes redefined (0 events):
No events

Internal exceptions (20 events):
Event: 8.172 Thread 0x00007fa55d808c00 Exception <a 'java/lang/NoSuchMethodError'{0x00000007824cdee8}: 'void java.lang.invoke.DirectMethodHandle$Holder.invokeVirtual(java.lang.Object, java.lang.Object)'> (0x00000007824cdee8) 
thrown [src/hotspot/share/interpreter/linkResolver.cpp, line 766]
Event: 8.334 Thread 0x00007fa55d808c00 Exception <a 'java/lang/NoSuchMethodError'{0x0000000781d7c410}: 'java.lang.Object java.lang.invoke.DirectMethodHandle$Holder.newInvokeSpecial(java.lang.Object, java.lang.Object, java.lang.Object, java.lang.Object, java.lang.Object)'> (0x0000000781d7c410) 
thrown [src/hotspot/share/interpreter/linkResolver.cpp, line 766]
Event: 8.385 Thread 0x00007fa55d808c00 Exception <a 'java/lang/NoSuchMethodError'{0x0000000781bc0150}: 'java.lang.Object java.lang.invoke.DirectMethodHandle$Holder.newInvokeSpecial(java.lang.Object, java.lang.Object, int, java.lang.Object, java.lang.Object)'> (0x0000000781bc0150) 
thrown [src/hotspot/share/interpreter/linkResolver.cpp, line 766]
Event: 8.815 Thread 0x00007fa55d808c00 Exception <a 'java/lang/NoSuchMethodError'{0x0000000785ca8c08}: 'void java.lang.invoke.DirectMethodHandle$Holder.invokeInterface(java.lang.Object, java.lang.Object)'> (0x0000000785ca8c08) 
thrown [src/hotspot/share/interpreter/linkResolver.cpp, line 766]
Event: 8.826 Thread 0x00007fa55d808c00 Exception <a 'java/lang/NoSuchMethodError'{0x0000000785cc59d0}: 'int java.lang.invoke.DirectMethodHandle$Holder.invokeStatic(java.lang.Object, java.lang.Object, int)'> (0x0000000785cc59d0) 
thrown [src/hotspot/share/interpreter/linkResolver.cpp, line 766]
Event: 8.844 Thread 0x00007fa55d808c00 Exception <a 'java/lang/NoSuchMethodError'{0x0000000785b5c8c0}: 'java.lang.Object java.lang.invoke.DirectMethodHandle$Holder.invokeStaticInit(java.lang.Object, java.lang.Object, java.lang.Object, java.lang.Object, int, int)'> (0x0000000785b5c8c0) 
thrown [src/hotspot/share/interpreter/linkResolver.cpp, line 766]
Event: 9.094 Thread 0x00007fa55d808c00 Exception <a 'java/lang/NoSuchMethodError'{0x0000000781e90cf0}: 'java.lang.Object java.lang.invoke.DirectMethodHandle$Holder.invokeInterface(java.lang.Object, java.lang.Object, java.lang.Object)'> (0x0000000781e90cf0) 
thrown [src/hotspot/share/interpreter/linkResolver.cpp, line 766]
Event: 9.133 Thread 0x00007fa55d808c00 Exception <a 'java/lang/NoSuchMethodError'{0x0000000781c40a50}: 'void java.lang.invoke.DirectMethodHandle$Holder.invokeInterface(java.lang.Object, java.lang.Object, java.lang.Object)'> (0x0000000781c40a50) 
thrown [src/hotspot/share/interpreter/linkResolver.cpp, line 766]
Event: 9.173 Thread 0x00007fa55d808c00 Exception <a 'java/lang/NoSuchMethodError'{0x0000000781b65ac8}: 'void java.lang.invoke.DirectMethodHandle$Holder.invokeStatic(java.lang.Object, java.lang.Object, java.lang.Object, java.lang.Object)'> (0x0000000781b65ac8) 
thrown [src/hotspot/share/interpreter/linkResolver.cpp, line 766]
Event: 9.285 Thread 0x00007fa55c0fc400 Exception <a 'java/lang/NoSuchMethodError'{0x0000000785b0bb10}: 'java.lang.Object java.lang.invoke.DirectMethodHandle$Holder.invokeStaticInit(java.lang.Object, java.lang.Object, java.lang.Object, java.lang.Object)'> (0x0000000785b0bb10) 
thrown [src/hotspot/share/interpreter/linkResolver.cpp, line 766]
Event: 9.287 Thread 0x00007fa55c0fc400 Exception <a 'java/lang/NullPointerException'{0x0000000785b17730}> (0x0000000785b17730) 
thrown [src/hotspot/share/interpreter/linkResolver.cpp, line 1357]
Event: 9.329 Thread 0x00007fa55c0fc400 Exception <a 'java/lang/NoSuchMethodError'{0x00000007824c6e90}: 'java.lang.Object java.lang.invoke.DirectMethodHandle$Holder.invokeSpecial(java.lang.Object, java.lang.Object, java.lang.Object, int, java.lang.Object)'> (0x00000007824c6e90) 
thrown [src/hotspot/share/interpreter/linkResolver.cpp, line 766]
Event: 9.534 Thread 0x00007fa55c0fc400 Exception <a 'java/lang/NoSuchMethodError'{0x0000000781df6b80}: 'void java.lang.invoke.DirectMethodHandle$Holder.invokeSpecial(java.lang.Object, java.lang.Object, java.lang.Object, java.lang.Object, java.lang.Object)'> (0x0000000781df6b80) 
thrown [src/hotspot/share/interpreter/linkResolver.cpp, line 766]
Event: 9.888 Thread 0x00007fa55c0fc400 Exception <a 'java/io/FileNotFoundException'{0x0000000785cd1768}> (0x0000000785cd1768) 
thrown [src/hotspot/share/prims/jni.cpp, line 516]
Event: 10.176 Thread 0x00007fa55c0fc400 Exception <a 'java/lang/IncompatibleClassChangeError'{0x0000000781f47908}: Found class java.lang.Object, but interface was expected> (0x0000000781f47908) 
thrown [src/hotspot/share/interpreter/linkResolver.cpp, line 833]
Event: 10.240 Thread 0x00007fa55c0fc400 Exception <a 'java/lang/ClassNotFoundException'{0x0000000781d49010}: com/sun/javafx/scene/control/skin/resources/controls> (0x0000000781d49010) 
thrown [src/hotspot/share/prims/jni.cpp, line 535]
Event: 10.242 Thread 0x00007fa55c0fc400 Exception <a 'java/lang/ClassNotFoundException'{0x0000000781d57678}: com/sun/javafx/scene/control/skin/resources/controls_en> (0x0000000781d57678) 
thrown [src/hotspot/share/prims/jni.cpp, line 535]
Event: 10.244 Thread 0x00007fa55c0fc400 Exception <a 'java/lang/ClassNotFoundException'{0x0000000781d590d8}: com/sun/javafx/scene/control/skin/resources/controls_en_PL> (0x0000000781d590d8) 
thrown [src/hotspot/share/prims/jni.cpp, line 535]
Event: 10.296 Thread 0x00007fa55c0fc400 Exception <a 'java/lang/NoSuchMethodError'{0x0000000781b146e8}: 'void java.lang.invoke.DirectMethodHandle$Holder.invokeSpecial(java.lang.Object, java.lang.Object, java.lang.Object, java.lang.Object, java.lang.Object, java.lang.Object)'> (0x0000000781b146e8) 
thrown [src/hotspot/share/interpreter/linkResolver.cpp, line 766]
Event: 10.528 Thread 0x00007fa55c0fc400 Exception <a 'java/lang/NoSuchMethodError'{0x0000000785de2898}: 'java.lang.Object java.lang.invoke.DirectMethodHandle$Holder.newInvokeSpecial(java.lang.Object, java.lang.Object, int)'> (0x0000000785de2898) 
thrown [src/hotspot/share/interpreter/linkResolver.cpp, line 766]

VM Operations (20 events):
Event: 8.672 Executing VM operation: G1CollectForAllocation
Event: 8.678 Executing VM operation: G1CollectForAllocation done
Event: 9.208 Executing VM operation: G1CollectForAllocation
Event: 9.212 Executing VM operation: G1CollectForAllocation done
Event: 9.245 Executing VM operation: HandshakeAllThreads
Event: 9.245 Executing VM operation: HandshakeAllThreads done
Event: 9.548 Executing VM operation: HandshakeAllThreads
Event: 9.548 Executing VM operation: HandshakeAllThreads done
Event: 9.645 Executing VM operation: CollectForMetadataAllocation
Event: 9.650 Executing VM operation: CollectForMetadataAllocation done
Event: 9.662 Executing VM operation: G1Concurrent
Event: 9.677 Executing VM operation: G1Concurrent done
Event: 9.681 Executing VM operation: G1Concurrent
Event: 9.682 Executing VM operation: G1Concurrent done
Event: 10.311 Executing VM operation: G1CollectForAllocation
Event: 10.318 Executing VM operation: G1CollectForAllocation done
Event: 10.334 Executing VM operation: G1CollectForAllocation
Event: 10.336 Executing VM operation: G1CollectForAllocation done
Event: 11.341 Executing VM operation: Cleanup
Event: 11.343 Executing VM operation: Cleanup done

Events (20 events):
Event: 10.603 loading class java/nio/DirectShortBufferU
Event: 10.604 loading class java/nio/ShortBuffer
Event: 10.604 loading class java/nio/ShortBuffer done
Event: 10.604 loading class java/nio/DirectShortBufferU done
Event: 10.627 loading class java/nio/FloatBuffer
Event: 10.628 loading class java/nio/FloatBuffer done
Event: 10.628 loading class java/nio/DoubleBuffer
Event: 10.628 loading class java/nio/DoubleBuffer done
Event: 10.643 loading class jdk/internal/ref/CleanerImpl$InnocuousThreadFactory
Event: 10.643 loading class jdk/internal/ref/CleanerImpl$InnocuousThreadFactory done
Event: 10.643 Thread 0x00007fa55d2ba600 Thread added: 0x00007fa55d2ba600
Event: 10.643 Protecting memory [0x0000000307db1000,0x0000000307db5000] with protection modes 0
Event: 10.672 loading class sun/misc/Unsafe
Event: 10.672 loading class sun/misc/Unsafe done
Event: 10.702 loading class java/nio/DirectFloatBufferU
Event: 10.702 loading class java/nio/DirectFloatBufferU done
Event: 10.817 Protecting memory [0x00000003064db000,0x00000003064df000] with protection modes 3
Event: 10.817 Thread 0x00007fa55d3f2c00 Thread exited: 0x00007fa55d3f2c00
Event: 18.836 Protecting memory [0x00000003064db000,0x00000003064df000] with protection modes 0
Event: 18.837 Thread 0x00007fa55f4bee00 Thread added: 0x00007fa55f4bee00


Dynamic libraries:
0x000000010961d000 	/Library/Java/JavaVirtualMachines/temurin-17.jdk/Contents/Home/lib/libjli.dylib
0x00007ff82266d000 	/usr/lib/libz.1.dylib
0x00007ff82275e000 	/usr/lib/libSystem.B.dylib
0x00007ff822758000 	/usr/lib/system/libcache.dylib
0x00007ff822713000 	/usr/lib/system/libcommonCrypto.dylib
0x00007ff82273c000 	/usr/lib/system/libcompiler_rt.dylib
0x00007ff822732000 	/usr/lib/system/libcopyfile.dylib
0x00007ff814fd5000 	/usr/lib/system/libcorecrypto.dylib
0x00007ff8150ba000 	/usr/lib/system/libdispatch.dylib
0x00007ff81526b000 	/usr/lib/system/libdyld.dylib
0x00007ff82274e000 	/usr/lib/system/libkeymgr.dylib
0x00007ff8226ef000 	/usr/lib/system/libmacho.dylib
0x00007ff821b81000 	/usr/lib/system/libquarantine.dylib
0x00007ff82274c000 	/usr/lib/system/libremovefile.dylib
0x00007ff81a7d4000 	/usr/lib/system/libsystem_asl.dylib
0x00007ff814f73000 	/usr/lib/system/libsystem_blocks.dylib
0x00007ff815104000 	/usr/lib/system/libsystem_c.dylib
0x00007ff822744000 	/usr/lib/system/libsystem_collections.dylib
0x00007ff820ae0000 	/usr/lib/system/libsystem_configuration.dylib
0x00007ff81fb52000 	/usr/lib/system/libsystem_containermanager.dylib
0x00007ff822346000 	/usr/lib/system/libsystem_coreservices.dylib
0x00007ff8183c4000 	/usr/lib/system/libsystem_darwin.dylib
0x00007ffc2422a000 	/usr/lib/system/libsystem_darwindirectory.dylib
0x00007ff82274f000 	/usr/lib/system/libsystem_dnssd.dylib
0x00007ff815101000 	/usr/lib/system/libsystem_featureflags.dylib
0x00007ff815299000 	/usr/lib/system/libsystem_info.dylib
0x00007ff822681000 	/usr/lib/system/libsystem_m.dylib
0x00007ff815081000 	/usr/lib/system/libsystem_malloc.dylib
0x00007ff81a74a000 	/usr/lib/system/libsystem_networkextension.dylib
0x00007ff81880d000 	/usr/lib/system/libsystem_notify.dylib
0x00007ff820ae4000 	/usr/lib/system/libsystem_sandbox.dylib
0x00007ff822749000 	/usr/lib/system/libsystem_secinit.dylib
0x00007ff815224000 	/usr/lib/system/libsystem_kernel.dylib
0x00007ff81528f000 	/usr/lib/system/libsystem_platform.dylib
0x00007ff81525f000 	/usr/lib/system/libsystem_pthread.dylib
0x00007ff81c41b000 	/usr/lib/system/libsystem_symptoms.dylib
0x00007ff814fbb000 	/usr/lib/system/libsystem_trace.dylib
0x00007ff82271f000 	/usr/lib/system/libunwind.dylib
0x00007ff814f77000 	/usr/lib/system/libxpc.dylib
0x00007ff81520b000 	/usr/lib/libc++abi.dylib
0x00007ff814e94000 	/usr/lib/libobjc.A.dylib
0x00007ff82272a000 	/usr/lib/liboah.dylib
0x00007ff81518c000 	/usr/lib/libc++.1.dylib
0x00007ff8303e6000 	/System/Library/Frameworks/Cocoa.framework/Versions/A/Cocoa
0x00007ff818871000 	/System/Library/Frameworks/AppKit.framework/Versions/C/AppKit
0x00007ff81bba7000 	/System/Library/Frameworks/CoreData.framework/Versions/A/CoreData
0x00007ff8161dd000 	/System/Library/Frameworks/Foundation.framework/Versions/C/Foundation
0x00007ff819c77000 	/System/Library/PrivateFrameworks/UIFoundation.framework/Versions/A/UIFoundation
0x00007ffb1a49d000 	/System/Library/PrivateFrameworks/CollectionViewCore.framework/Versions/A/CollectionViewCore
0x00007ff829d1f000 	/System/Library/PrivateFrameworks/RemoteViewServices.framework/Versions/A/RemoteViewServices
0x00007ff820325000 	/System/Library/PrivateFrameworks/XCTTargetBootstrap.framework/Versions/A/XCTTargetBootstrap
0x00007ff8251db000 	/System/Library/PrivateFrameworks/InternationalSupport.framework/Versions/A/InternationalSupport
0x00007ff825264000 	/System/Library/PrivateFrameworks/UserActivity.framework/Versions/A/UserActivity
0x00007ffc1b802000 	/System/Library/PrivateFrameworks/WindowManagement.framework/Versions/A/WindowManagement
0x00007ff815e96000 	/System/Library/Frameworks/SystemConfiguration.framework/Versions/A/SystemConfiguration
0x00007ff82459b000 	/usr/lib/libspindump.dylib
0x00007ff819e53000 	/System/Library/Frameworks/UniformTypeIdentifiers.framework/Versions/A/UniformTypeIdentifiers
0x00007ff81e36b000 	/usr/lib/libapp_launch_measurement.dylib
0x00007ff81d04f000 	/System/Library/PrivateFrameworks/CoreAnalytics.framework/Versions/A/CoreAnalytics
0x00007ff81e36e000 	/System/Library/PrivateFrameworks/CoreAutoLayout.framework/Versions/A/CoreAutoLayout
0x00007ff81fb9a000 	/System/Library/Frameworks/Metal.framework/Versions/A/Metal
0x00007ff820aef000 	/usr/lib/liblangid.dylib
0x00007ff82032a000 	/System/Library/PrivateFrameworks/CoreSVG.framework/Versions/A/CoreSVG
0x00007ff81a809000 	/System/Library/PrivateFrameworks/SkyLight.framework/Versions/A/SkyLight
0x00007ff81ac5d000 	/System/Library/Frameworks/CoreGraphics.framework/Versions/A/CoreGraphics
0x00007ff82a474000 	/System/Library/Frameworks/Accelerate.framework/Versions/A/Accelerate
0x00007ff8243ff000 	/System/Library/PrivateFrameworks/IconServices.framework/Versions/A/IconServices
0x00007ff81fb7b000 	/System/Library/Frameworks/IOSurface.framework/Versions/A/IOSurface
0x00007ff81d07b000 	/usr/lib/libDiagnosticMessagesClient.dylib
0x00007ff82ddee000 	/System/Library/Frameworks/ApplicationServices.framework/Versions/A/ApplicationServices
0x00007ff820311000 	/System/Library/PrivateFrameworks/DFRFoundation.framework/Versions/A/DFRFoundation
0x00007ff81812e000 	/usr/lib/libicucore.A.dylib
0x00007ff8261ad000 	/System/Library/Frameworks/AudioToolbox.framework/Versions/A/AudioToolbox
0x00007ff8251e7000 	/System/Library/PrivateFrameworks/DataDetectorsCore.framework/Versions/A/DataDetectorsCore
0x00007ff91ea0a000 	/System/Library/PrivateFrameworks/TextInput.framework/Versions/A/TextInput
0x00007ff81a763000 	/usr/lib/libMobileGestalt.dylib
0x00007ff820075000 	/System/Library/Frameworks/Carbon.framework/Versions/A/Frameworks/HIToolbox.framework/Versions/A/HIToolbox
0x00007ff81dca6000 	/System/Library/Frameworks/QuartzCore.framework/Versions/A/QuartzCore
0x00007ff817d91000 	/System/Library/Frameworks/Security.framework/Versions/A/Security
0x00007ff829d57000 	/System/Library/Frameworks/Carbon.framework/Versions/A/Frameworks/SpeechRecognition.framework/Versions/A/SpeechRecognition
0x00007ff81e09a000 	/System/Library/PrivateFrameworks/CoreUI.framework/Versions/A/CoreUI
0x00007ff817683000 	/System/Library/Frameworks/CoreAudio.framework/Versions/A/CoreAudio
0x00007ff81d15b000 	/System/Library/Frameworks/DiskArbitration.framework/Versions/A/DiskArbitration
0x00007ff8249cb000 	/System/Library/PrivateFrameworks/MultitouchSupport.framework/Versions/A/MultitouchSupport
0x00007ff81a762000 	/usr/lib/libenergytrace.dylib
0x00007ff83476e000 	/System/Library/PrivateFrameworks/RenderBox.framework/Versions/A/RenderBox
0x00007ff81874a000 	/System/Library/Frameworks/IOKit.framework/Versions/A/IOKit
0x00007ff82a16f000 	/System/Library/Frameworks/CoreServices.framework/Versions/A/CoreServices
0x00007ff81e302000 	/System/Library/PrivateFrameworks/PerformanceAnalysis.framework/Versions/A/PerformanceAnalysis
0x00007ffa2cecf000 	/System/Library/Frameworks/OpenGL.framework/Versions/A/OpenGL
0x00007ff81e3b7000 	/usr/lib/libxml2.2.dylib
0x00007ff821aa7000 	/System/Library/PrivateFrameworks/MobileKeyBag.framework/Versions/A/MobileKeyBag
0x00007ff82a0e6000 	/System/Library/Frameworks/Accessibility.framework/Versions/A/Accessibility
0x00007ff81b4ef000 	/System/Library/Frameworks/ColorSync.framework/Versions/A/ColorSync
0x00007ff8152c4000 	/System/Library/Frameworks/CoreFoundation.framework/Versions/A/CoreFoundation
0x00007ff820695000 	/System/Library/Frameworks/CoreImage.framework/Versions/A/CoreImage
0x00007ff81747e000 	/System/Library/Frameworks/CoreText.framework/Versions/A/CoreText
0x00007ffa30a1b000 	/System/Library/Frameworks/CoreTransferable.framework/Versions/A/CoreTransferable
0x00007ffa30e64000 	/System/Library/Frameworks/DeveloperToolsSupport.framework/Versions/A/DeveloperToolsSupport
0x00007ff820363000 	/System/Library/Frameworks/ImageIO.framework/Versions/A/ImageIO
0x00007ffb1548f000 	/System/Library/Frameworks/Symbols.framework/Versions/A/Symbols
0x00007ff822764000 	/System/Library/PrivateFrameworks/SoftLinking.framework/Versions/A/SoftLinking
0x00007ff825c25000 	/usr/lib/swift/libswiftCore.dylib
0x00007ff91b6d3000 	/usr/lib/swift/libswiftCoreFoundation.dylib
0x00007ff919603000 	/usr/lib/swift/libswiftCoreGraphics.dylib
0x00007ff91b710000 	/usr/lib/swift/libswiftCoreImage.dylib
0x00007ff91960a000 	/usr/lib/swift/libswiftDarwin.dylib
0x00007ff82bade000 	/usr/lib/swift/libswiftDispatch.dylib
0x00007ff91b711000 	/usr/lib/swift/libswiftIOKit.dylib
0x00007ff9276cf000 	/usr/lib/swift/libswiftMetal.dylib
0x00007ff93412c000 	/usr/lib/swift/libswiftOSLog.dylib
0x00007ff82e250000 	/usr/lib/swift/libswiftObjectiveC.dylib
0x00007ff92b2d4000 	/usr/lib/swift/libswiftQuartzCore.dylib
0x00007ff92f347000 	/usr/lib/swift/libswiftUniformTypeIdentifiers.dylib
0x00007ff91b6e3000 	/usr/lib/swift/libswiftXPC.dylib
0x00007ffc23f0e000 	/usr/lib/swift/libswift_Concurrency.dylib
0x00007ff82e254000 	/usr/lib/swift/libswiftos.dylib
0x00007ff91e96c000 	/usr/lib/swift/libswiftsimd.dylib
0x00007ff8228fb000 	/usr/lib/libcompression.dylib
0x00007ff82511b000 	/System/Library/PrivateFrameworks/TextureIO.framework/Versions/A/TextureIO
0x00007ff82400d000 	/usr/lib/libate.dylib
0x00007ff823d9a000 	/usr/lib/liblzma.5.dylib
0x00007ff822760000 	/usr/lib/libfakelink.dylib
0x00007ff81a39d000 	/System/Library/Frameworks/CFNetwork.framework/Versions/A/CFNetwork
0x00007ff8227b2000 	/usr/lib/libarchive.2.dylib
0x00007ff827fcf000 	/System/Library/Frameworks/Combine.framework/Versions/A/Combine
0x00007ffb1a4b2000 	/System/Library/PrivateFrameworks/CollectionsInternal.framework/Versions/A/CollectionsInternal
0x00007ffb2f6b2000 	/System/Library/PrivateFrameworks/ReflectionInternal.framework/Versions/A/ReflectionInternal
0x00007ffb2fc93000 	/System/Library/PrivateFrameworks/RuntimeInternal.framework/Versions/A/RuntimeInternal
0x00007ffc24049000 	/usr/lib/swift/libswift_StringProcessing.dylib
0x00007ff8186c9000 	/System/Library/PrivateFrameworks/CoreServicesInternal.framework/Versions/A/CoreServicesInternal
0x00007ff821ba8000 	/usr/lib/libbsm.0.dylib
0x00007ff8226f7000 	/usr/lib/system/libkxld.dylib
0x00007ff81e336000 	/System/Library/Frameworks/CoreServices.framework/Versions/A/Frameworks/FSEvents.framework/Versions/A/FSEvents
0x00007ff8183cf000 	/System/Library/Frameworks/CoreServices.framework/Versions/A/Frameworks/CarbonCore.framework/Versions/A/CarbonCore
0x00007ff81d0c3000 	/System/Library/Frameworks/CoreServices.framework/Versions/A/Frameworks/Metadata.framework/Versions/A/Metadata
0x00007ff82234c000 	/System/Library/Frameworks/CoreServices.framework/Versions/A/Frameworks/OSServices.framework/Versions/A/OSServices
0x00007ff82283b000 	/System/Library/Frameworks/CoreServices.framework/Versions/A/Frameworks/SearchKit.framework/Versions/A/SearchKit
0x00007ff81c3a1000 	/System/Library/Frameworks/CoreServices.framework/Versions/A/Frameworks/AE.framework/Versions/A/AE
0x00007ff81575d000 	/System/Library/Frameworks/CoreServices.framework/Versions/A/Frameworks/LaunchServices.framework/Versions/A/LaunchServices
0x00007ff823d4b000 	/System/Library/Frameworks/CoreServices.framework/Versions/A/Frameworks/DictionaryServices.framework/Versions/A/DictionaryServices
0x00007ff81e343000 	/System/Library/Frameworks/CoreServices.framework/Versions/A/Frameworks/SharedFileList.framework/Versions/A/SharedFileList
0x00007ff8228c5000 	/usr/lib/libapple_nghttp2.dylib
0x00007ff81c03a000 	/usr/lib/libsqlite3.dylib
0x00007ff81c423000 	/System/Library/Frameworks/Network.framework/Versions/A/Network
0x00007ffc228ae000 	/usr/lib/libCoreEntitlements.dylib
0x00007ffb2b259000 	/System/Library/PrivateFrameworks/MessageSecurity.framework/Versions/A/MessageSecurity
0x00007ff81c021000 	/System/Library/PrivateFrameworks/ProtocolBuffer.framework/Versions/A/ProtocolBuffer
0x00007ff822269000 	/System/Library/PrivateFrameworks/AppleFSCompression.framework/Versions/A/AppleFSCompression
0x00007ff821b90000 	/usr/lib/libcoretls.dylib
0x00007ff823db3000 	/usr/lib/libcoretls_cfhelpers.dylib
0x00007ff8228f5000 	/usr/lib/libpam.2.dylib
0x00007ff823e2b000 	/usr/lib/libxar.1.dylib
0x00007ff8243d8000 	/usr/lib/libheimdal-asn1.dylib
0x00007ff81a39c000 	/usr/lib/libnetwork.dylib
0x00007ff822765000 	/usr/lib/libpcap.A.dylib
0x00007ff81c411000 	/usr/lib/libdns_services.dylib
0x00007ff820aeb000 	/System/Library/PrivateFrameworks/AppleSystemInfo.framework/Versions/A/AppleSystemInfo
0x00007ff8218a9000 	/System/Library/PrivateFrameworks/IOMobileFramebuffer.framework/Versions/A/IOMobileFramebuffer
0x00007ffc23f95000 	/usr/lib/swift/libswift_RegexParser.dylib
0x00007ff822337000 	/usr/lib/libbz2.1.0.dylib
0x00007ff821b84000 	/usr/lib/libCheckFix.dylib
0x00007ff81a7eb000 	/System/Library/PrivateFrameworks/TCC.framework/Versions/A/TCC
0x00007ff820af1000 	/System/Library/PrivateFrameworks/CoreNLP.framework/Versions/A/CoreNLP
0x00007ff81d07d000 	/System/Library/PrivateFrameworks/MetadataUtilities.framework/Versions/A/MetadataUtilities
0x00007ff821bb8000 	/usr/lib/libmecab.dylib
0x00007ff815f1d000 	/usr/lib/libCRFSuite.dylib
0x00007ff821c11000 	/usr/lib/libgermantok.dylib
0x00007ff8228a1000 	/usr/lib/libThaiTokenizer.dylib
0x00007ff81d163000 	/System/Library/Frameworks/Accelerate.framework/Versions/A/Frameworks/vImage.framework/Versions/A/vImage
0x00007ff82a142000 	/System/Library/Frameworks/Accelerate.framework/Versions/A/Frameworks/vecLib.framework/Versions/A/vecLib
0x00007ff823e6d000 	/System/Library/Frameworks/Accelerate.framework/Versions/A/Frameworks/vecLib.framework/Versions/A/libvMisc.dylib
0x00007ff82167a000 	/System/Library/Frameworks/Accelerate.framework/Versions/A/Frameworks/vecLib.framework/Versions/A/libvDSP.dylib
0x00007ff815b63000 	/System/Library/Frameworks/Accelerate.framework/Versions/A/Frameworks/vecLib.framework/Versions/A/libBLAS.dylib
0x00007ff8229db000 	/System/Library/Frameworks/Accelerate.framework/Versions/A/Frameworks/vecLib.framework/Versions/A/libLAPACK.dylib
0x00007ff821c14000 	/System/Library/Frameworks/Accelerate.framework/Versions/A/Frameworks/vecLib.framework/Versions/A/libLinearAlgebra.dylib
0x00007ff8228e0000 	/System/Library/Frameworks/Accelerate.framework/Versions/A/Frameworks/vecLib.framework/Versions/A/libSparseBLAS.dylib
0x00007ff8229d5000 	/System/Library/Frameworks/Accelerate.framework/Versions/A/Frameworks/vecLib.framework/Versions/A/libQuadrature.dylib
0x00007ff820c00000 	/System/Library/Frameworks/Accelerate.framework/Versions/A/Frameworks/vecLib.framework/Versions/A/libBNNS.dylib
0x00007ff815e1e000 	/System/Library/Frameworks/Accelerate.framework/Versions/A/Frameworks/vecLib.framework/Versions/A/libSparse.dylib
0x00007ffb29ba7000 	/System/Library/PrivateFrameworks/MIL.framework/Versions/A/MIL
0x00007ff82279a000 	/usr/lib/libiconv.2.dylib
0x00007ff8226eb000 	/usr/lib/libcharset.1.dylib
0x00007ff81e31a000 	/System/Library/Frameworks/OpenDirectory.framework/Versions/A/Frameworks/CFOpenDirectory.framework/Versions/A/CFOpenDirectory
0x00007ff81e30e000 	/System/Library/Frameworks/OpenDirectory.framework/Versions/A/OpenDirectory
0x00007ff823db5000 	/System/Library/PrivateFrameworks/APFS.framework/Versions/A/APFS
0x00007ff821aca000 	/System/Library/Frameworks/SecurityFoundation.framework/Versions/A/SecurityFoundation
0x00007ff823e39000 	/usr/lib/libutil.dylib
0x00007ffb28074000 	/System/Library/PrivateFrameworks/InstalledContentLibrary.framework/Versions/A/InstalledContentLibrary
0x00007ff81870a000 	/System/Library/PrivateFrameworks/CoreServicesStore.framework/Versions/A/CoreServicesStore
0x00007ffb183e5000 	/System/Library/PrivateFrameworks/AppleMobileFileIntegrity.framework/Versions/A/AppleMobileFileIntegrity
0x00007ff91b6b3000 	/usr/lib/libmis.dylib
0x00007ff92b7a1000 	/System/Library/PrivateFrameworks/MobileSystemServices.framework/Versions/A/MobileSystemServices
0x00007ffa28afe000 	/System/Library/PrivateFrameworks/ConfigProfileHelper.framework/Versions/A/ConfigProfileHelper
0x00007ff8228a3000 	/System/Library/PrivateFrameworks/AppleSauce.framework/Versions/A/AppleSauce
0x00007ff816e1c000 	/System/Library/PrivateFrameworks/LanguageModeling.framework/Versions/A/LanguageModeling
0x00007ff823e3d000 	/usr/lib/libxslt.1.dylib
0x00007ff8227a1000 	/usr/lib/libcmph.dylib
0x00007ff821878000 	/System/Library/PrivateFrameworks/CoreEmoji.framework/Versions/A/CoreEmoji
0x00007ff820bfb000 	/System/Library/PrivateFrameworks/LinguisticData.framework/Versions/A/LinguisticData
0x00007ff815d3b000 	/System/Library/PrivateFrameworks/Lexicon.framework/Versions/A/Lexicon
0x00007ff821b53000 	/System/Library/PrivateFrameworks/BackgroundTaskManagement.framework/Versions/A/BackgroundTaskManagement
0x00007ffc22a2a000 	/usr/lib/libTLE.dylib
0x00007ff824893000 	/System/Library/PrivateFrameworks/AppleJPEG.framework/Versions/A/AppleJPEG
0x00007ff8243bd000 	/usr/lib/libexpat.1.dylib
0x00007ff824f74000 	/System/Library/Frameworks/ImageIO.framework/Versions/A/Resources/libPng.dylib
0x00007ff824fa1000 	/System/Library/Frameworks/ImageIO.framework/Versions/A/Resources/libTIFF.dylib
0x00007ff825093000 	/System/Library/Frameworks/ImageIO.framework/Versions/A/Resources/libGIF.dylib
0x00007ff8248df000 	/System/Library/Frameworks/ImageIO.framework/Versions/A/Resources/libJP2.dylib
0x00007ff825033000 	/System/Library/Frameworks/ImageIO.framework/Versions/A/Resources/libJPEG.dylib
0x00007ff82502a000 	/System/Library/Frameworks/ImageIO.framework/Versions/A/Resources/libRadiance.dylib
0x00007ff81ff15000 	/System/Library/PrivateFrameworks/FontServices.framework/libFontParser.dylib
0x00007ff81c342000 	/System/Library/PrivateFrameworks/RunningBoardServices.framework/Versions/A/RunningBoardServices
0x00007ff830b5a000 	/System/Library/PrivateFrameworks/IOSurfaceAccelerator.framework/Versions/A/IOSurfaceAccelerator
0x00007ff8249c7000 	/System/Library/PrivateFrameworks/WatchdogClient.framework/Versions/A/WatchdogClient
0x00007ff816fe5000 	/System/Library/Frameworks/CoreDisplay.framework/Versions/A/CoreDisplay
0x00007ff81fde7000 	/System/Library/Frameworks/CoreMedia.framework/Versions/A/CoreMedia
0x00007ff81fb91000 	/System/Library/PrivateFrameworks/IOAccelerator.framework/Versions/A/IOAccelerator
0x00007ff81e496000 	/System/Library/Frameworks/CoreVideo.framework/Versions/A/CoreVideo
0x00007ff8228f3000 	/System/Library/Frameworks/MetalPerformanceShaders.framework/Versions/A/MetalPerformanceShaders
0x00007ff824a08000 	/System/Library/Frameworks/VideoToolbox.framework/Versions/A/VideoToolbox
0x00007ff81e522000 	/System/Library/PrivateFrameworks/UserManagement.framework/Versions/A/UserManagement
0x00007ff81c274000 	/System/Library/PrivateFrameworks/BaseBoard.framework/Versions/A/BaseBoard
0x00007ff820aea000 	/System/Library/PrivateFrameworks/AggregateDictionary.framework/Versions/A/AggregateDictionary
0x00007ffb18369000 	/System/Library/PrivateFrameworks/AppleKeyStore.framework/Versions/A/AppleKeyStore
0x00007ff825023000 	/System/Library/PrivateFrameworks/GPUWrangler.framework/Versions/A/GPUWrangler
0x00007ff825007000 	/System/Library/PrivateFrameworks/IOPresentment.framework/Versions/A/IOPresentment
0x00007ff82502d000 	/System/Library/PrivateFrameworks/DSExternalDisplay.framework/Versions/A/DSExternalDisplay
0x00007ffb24106000 	/System/Library/PrivateFrameworks/GPUCompiler.framework/Versions/32023/Libraries/libllvm-flatbuffers.dylib
0x00007ffa2cec3000 	/System/Library/Frameworks/OpenGL.framework/Versions/A/Libraries/libCoreFSCache.dylib
0x00007ffb20c86000 	/System/Library/PrivateFrameworks/GPUCompiler.framework/Versions/32023/Libraries/libGPUCompilerUtils.dylib
0x00007ff825099000 	/System/Library/PrivateFrameworks/CMCaptureCore.framework/Versions/A/CMCaptureCore
0x00007ffa30f46000 	/System/Library/Frameworks/ExtensionFoundation.framework/Versions/A/ExtensionFoundation
0x00007ff82c305000 	/System/Library/PrivateFrameworks/CoreTime.framework/Versions/A/CoreTime
0x00007ff824585000 	/System/Library/PrivateFrameworks/AppServerSupport.framework/Versions/A/AppServerSupport
0x00007ff826afd000 	/System/Library/PrivateFrameworks/perfdata.framework/Versions/A/perfdata
0x00007ff817111000 	/System/Library/PrivateFrameworks/AudioToolboxCore.framework/Versions/A/AudioToolboxCore
0x00007ff81fdc1000 	/System/Library/PrivateFrameworks/caulk.framework/Versions/A/caulk
0x00007ff82639b000 	/usr/lib/libAudioStatistics.dylib
0x00007ff91aaac000 	/System/Library/PrivateFrameworks/SystemPolicy.framework/Versions/A/SystemPolicy
0x00007ff826667000 	/usr/lib/libSMC.dylib
0x00007ff83024a000 	/System/Library/Frameworks/CoreMIDI.framework/Versions/A/CoreMIDI
0x00007ff824f3b000 	/usr/lib/libAudioToolboxUtility.dylib
0x00007ff916513000 	/System/Library/PrivateFrameworks/OSAServicesClient.framework/Versions/A/OSAServicesClient
0x00007ff826b0a000 	/usr/lib/libperfcheck.dylib
0x00007ff82429e000 	/System/Library/PrivateFrameworks/PlugInKit.framework/Versions/A/PlugInKit
0x00007ff821abd000 	/System/Library/PrivateFrameworks/AssertionServices.framework/Versions/A/AssertionServices
0x00007ffa17c13000 	/System/Library/PrivateFrameworks/Symbolication.framework/Versions/A/Symbolication
0x00007ffb2e82a000 	/System/Library/PrivateFrameworks/PhotosensitivityProcessing.framework/Versions/A/PhotosensitivityProcessing
0x00007ffa2db97000 	/System/Library/Frameworks/OpenCL.framework/Versions/A/OpenCL
0x00007ff824530000 	/System/Library/PrivateFrameworks/GraphVisualizer.framework/Versions/A/GraphVisualizer
0x00007ffa2cf20000 	/System/Library/Frameworks/OpenGL.framework/Versions/A/Libraries/libGLU.dylib
0x00007ffa2cee2000 	/System/Library/Frameworks/OpenGL.framework/Versions/A/Libraries/libGFXShared.dylib
0x00007ffa2d0df000 	/System/Library/Frameworks/OpenGL.framework/Versions/A/Libraries/libGL.dylib
0x00007ffa2ceea000 	/System/Library/Frameworks/OpenGL.framework/Versions/A/Libraries/libGLImage.dylib
0x00007ffa2cedf000 	/System/Library/Frameworks/OpenGL.framework/Versions/A/Libraries/libCVMSPluginSupport.dylib
0x00007ffc229e4000 	/usr/lib/libRosetta.dylib
0x00007ffa2ceca000 	/System/Library/Frameworks/OpenGL.framework/Versions/A/Libraries/libCoreVMClient.dylib
0x00007ffb1edc4000 	/System/Library/PrivateFrameworks/FontServices.framework/Versions/A/FontServices
0x00007ff82453f000 	/System/Library/PrivateFrameworks/OTSVG.framework/Versions/A/OTSVG
0x00007ff81e04e000 	/System/Library/Frameworks/ApplicationServices.framework/Versions/A/Frameworks/ATS.framework/Versions/A/Resources/libFontRegistry.dylib
0x00007ff82458f000 	/System/Library/PrivateFrameworks/FontServices.framework/libhvf.dylib
0x00007ffb1edc5000 	/System/Library/PrivateFrameworks/FontServices.framework/libXTFontStaticRegistryData.dylib
0x00007ff820a5f000 	/System/Library/Frameworks/MetalPerformanceShaders.framework/Versions/A/Frameworks/MPSCore.framework/Versions/A/MPSCore
0x00007ff8221cf000 	/System/Library/Frameworks/MetalPerformanceShaders.framework/Versions/A/Frameworks/MPSImage.framework/Versions/A/MPSImage
0x00007ff821c2a000 	/System/Library/Frameworks/MetalPerformanceShaders.framework/Versions/A/Frameworks/MPSNeuralNetwork.framework/Versions/A/MPSNeuralNetwork
0x00007ff8220a3000 	/System/Library/Frameworks/MetalPerformanceShaders.framework/Versions/A/Frameworks/MPSMatrix.framework/Versions/A/MPSMatrix
0x00007ff821e56000 	/System/Library/Frameworks/MetalPerformanceShaders.framework/Versions/A/Frameworks/MPSRayIntersector.framework/Versions/A/MPSRayIntersector
0x00007ff8220de000 	/System/Library/Frameworks/MetalPerformanceShaders.framework/Versions/A/Frameworks/MPSNDArray.framework/Versions/A/MPSNDArray
0x00007ffa32c0a000 	/System/Library/Frameworks/MetalPerformanceShaders.framework/Versions/A/Frameworks/MPSFunctions.framework/Versions/A/MPSFunctions
0x00007ffa32bec000 	/System/Library/Frameworks/MetalPerformanceShaders.framework/Versions/A/Frameworks/MPSBenchmarkLoop.framework/Versions/A/MPSBenchmarkLoop
0x00007ff815a13000 	/System/Library/PrivateFrameworks/MetalTools.framework/Versions/A/MetalTools
0x00007ff91fca6000 	/System/Library/PrivateFrameworks/IOAccelMemoryInfo.framework/Versions/A/IOAccelMemoryInfo
0x00007ff92b6b3000 	/System/Library/PrivateFrameworks/kperf.framework/Versions/A/kperf
0x00007ff91b6c6000 	/System/Library/PrivateFrameworks/GPURawCounter.framework/Versions/A/GPURawCounter
0x00007ff82c1f9000 	/System/Library/PrivateFrameworks/CoreSymbolication.framework/Versions/A/CoreSymbolication
0x00007ff91b684000 	/System/Library/PrivateFrameworks/MallocStackLogging.framework/Versions/A/MallocStackLogging
0x00007ff824145000 	/System/Library/PrivateFrameworks/CrashReporterSupport.framework/Versions/A/CrashReporterSupport
0x00007ff82c1ba000 	/System/Library/PrivateFrameworks/DebugSymbols.framework/Versions/A/DebugSymbols
0x00007ff92a9e6000 	/System/Library/PrivateFrameworks/OSAnalytics.framework/Versions/A/OSAnalytics
0x00007ffc19f56000 	/System/Library/PrivateFrameworks/VideoToolboxParavirtualizationSupport.framework/Versions/A/VideoToolboxParavirtualizationSupport
0x00007ff82436d000 	/System/Library/PrivateFrameworks/AppleVA.framework/Versions/A/AppleVA
0x00007ff8263df000 	/System/Library/Frameworks/ApplicationServices.framework/Versions/A/Frameworks/ATS.framework/Versions/A/ATS
0x00007ff81b69c000 	/System/Library/Frameworks/ApplicationServices.framework/Versions/A/Frameworks/HIServices.framework/Versions/A/HIServices
0x00007ff8250a7000 	/System/Library/Frameworks/ApplicationServices.framework/Versions/A/Frameworks/PrintCore.framework/Versions/A/PrintCore
0x00007ff8267bd000 	/System/Library/Frameworks/ApplicationServices.framework/Versions/A/Frameworks/QD.framework/Versions/A/QD
0x00007ff8267b5000 	/System/Library/Frameworks/ApplicationServices.framework/Versions/A/Frameworks/ColorSyncLegacy.framework/Versions/A/ColorSyncLegacy
0x00007ff8263b3000 	/System/Library/Frameworks/ApplicationServices.framework/Versions/A/Frameworks/SpeechSynthesis.framework/Versions/A/SpeechSynthesis
0x00007ff825063000 	/System/Library/Frameworks/ApplicationServices.framework/Versions/A/Frameworks/ATSUI.framework/Versions/A/ATSUI
0x00007ff826747000 	/usr/lib/libcups.2.dylib
0x00007ff826b19000 	/System/Library/Frameworks/Kerberos.framework/Versions/A/Kerberos
0x00007ff826b28000 	/System/Library/Frameworks/GSS.framework/Versions/A/GSS
0x00007ff826458000 	/usr/lib/libresolv.9.dylib
0x00007ff8245a1000 	/System/Library/PrivateFrameworks/Heimdal.framework/Versions/A/Heimdal
0x00007ff82e1bd000 	/System/Library/Frameworks/Kerberos.framework/Versions/A/Libraries/libHeimdalProxy.dylib
0x00007ff826b75000 	/System/Library/PrivateFrameworks/CommonAuth.framework/Versions/A/CommonAuth
0x00007ffa2fe3c000 	/System/Library/Frameworks/AVFAudio.framework/Versions/A/AVFAudio
0x00007ff91655c000 	/System/Library/PrivateFrameworks/AXCoreUtilities.framework/Versions/A/AXCoreUtilities
0x00007ff826323000 	/System/Library/PrivateFrameworks/AudioSession.framework/Versions/A/AudioSession
0x00007ff827d97000 	/System/Library/Frameworks/IOBluetooth.framework/Versions/A/IOBluetooth
0x00007ff82447c000 	/System/Library/PrivateFrameworks/MediaExperience.framework/Versions/A/MediaExperience
0x00007ff826178000 	/System/Library/PrivateFrameworks/AudioSession.framework/libSessionUtility.dylib
0x00007ff8267c9000 	/System/Library/PrivateFrameworks/AudioResourceArbitration.framework/Versions/A/AudioResourceArbitration
0x00007ff82ae7b000 	/System/Library/PrivateFrameworks/PowerLog.framework/Versions/A/PowerLog
0x00007ff82ad9c000 	/System/Library/Frameworks/CoreBluetooth.framework/Versions/A/CoreBluetooth
0x00007ff82e1be000 	/System/Library/Frameworks/AudioUnit.framework/Versions/A/AudioUnit
0x00007ff821931000 	/System/Library/PrivateFrameworks/CoreUtils.framework/Versions/A/CoreUtils
0x00007ffb1d599000 	/System/Library/PrivateFrameworks/CoreUtilsExtras.framework/Versions/A/CoreUtilsExtras
0x00007ffb27f01000 	/System/Library/PrivateFrameworks/IO80211.framework/Versions/A/IO80211
0x00007ff916573000 	/usr/lib/libAccessibility.dylib
0x00007ff82a4bc000 	/System/Library/Frameworks/MediaAccessibility.framework/Versions/A/MediaAccessibility
0x00007ff82bd19000 	/System/Library/PrivateFrameworks/FrontBoardServices.framework/Versions/A/FrontBoardServices
0x00007ff82d7b6000 	/System/Library/PrivateFrameworks/BackBoardServices.framework/Versions/A/BackBoardServices
0x00007ff82bdd5000 	/System/Library/PrivateFrameworks/BoardServices.framework/Versions/A/BoardServices
0x00007ff8243e1000 	/System/Library/PrivateFrameworks/IconFoundation.framework/Versions/A/IconFoundation
0x00007ff829d47000 	/System/Library/PrivateFrameworks/SpeechRecognitionCore.framework/Versions/A/SpeechRecognitionCore
0x00007ffa1b388000 	/System/Library/Frameworks/OSLog.framework/Versions/A/OSLog
0x00007ff91b611000 	/System/Library/PrivateFrameworks/LoggingSupport.framework/Versions/A/LoggingSupport
0x000000010a86e000 	/Library/Java/JavaVirtualMachines/temurin-17.jdk/Contents/Home/lib/server/libjvm.dylib
0x0000000109244000 	/Library/Java/JavaVirtualMachines/temurin-17.jdk/Contents/Home/lib/libjimage.dylib
0x000000010928a000 	/Library/Java/JavaVirtualMachines/temurin-17.jdk/Contents/Home/lib/libjava.dylib
0x000000010a341000 	/Library/Java/JavaVirtualMachines/temurin-17.jdk/Contents/Home/lib/libnio.dylib
0x000000010a373000 	/Library/Java/JavaVirtualMachines/temurin-17.jdk/Contents/Home/lib/libnet.dylib
0x000000010a3f4000 	/Library/Java/JavaVirtualMachines/temurin-17.jdk/Contents/Home/lib/libzip.dylib
0x000000010a5e1000 	/Users/arkadiuszkuzma/javafx-sdk-21/lib/libprism_es2.dylib
0x00007ff91a460000 	/System/Library/Frameworks/Carbon.framework/Versions/A/Carbon
0x00007ff8322bd000 	/System/Library/Frameworks/Carbon.framework/Versions/A/Frameworks/CommonPanels.framework/Versions/A/CommonPanels
0x00007ff82dae6000 	/System/Library/Frameworks/Carbon.framework/Versions/A/Frameworks/Help.framework/Versions/A/Help
0x00007ff8322c1000 	/System/Library/Frameworks/Carbon.framework/Versions/A/Frameworks/ImageCapture.framework/Versions/A/ImageCapture
0x00007ff832299000 	/System/Library/Frameworks/Carbon.framework/Versions/A/Frameworks/OpenScripting.framework/Versions/A/OpenScripting
0x00007ff8322b9000 	/System/Library/Frameworks/Carbon.framework/Versions/A/Frameworks/Ink.framework/Versions/A/Ink
0x00007ff8322b5000 	/System/Library/Frameworks/Carbon.framework/Versions/A/Frameworks/SecurityHI.framework/Versions/A/SecurityHI
0x00007ffa2d0ea000 	/System/Library/Frameworks/OpenGL.framework/Versions/A/Resources/GLEngine.bundle/GLEngine
0x00007ffa2cf5d000 	/System/Library/Frameworks/OpenGL.framework/Versions/A/Libraries/libGLProgrammability.dylib
0x0000000129d50000 	/System/Library/Extensions/AppleMetalOpenGLRenderer.bundle/Contents/MacOS/AppleMetalOpenGLRenderer
0x00007ffa2d25a000 	/System/Library/Frameworks/OpenGL.framework/Versions/A/Resources/GLRendererFloat.bundle/GLRendererFloat
0x00007ffa2e1e1000 	/System/Library/Extensions/AGXMetal13_3.bundle/Contents/MacOS/AGXMetal13_3
0x00007ff91549c000 	/System/Library/PrivateFrameworks/IOGPU.framework/Versions/A/IOGPU
0x0000000129ec8000 	/Users/arkadiuszkuzma/javafx-sdk-21/lib/libglass.dylib
0x00007ff82b462000 	/System/Library/Frameworks/FileProvider.framework/Versions/A/FileProvider
0x00007ff81c1dc000 	/System/Library/Frameworks/Accounts.framework/Versions/A/Accounts
0x00007ff82b609000 	/System/Library/PrivateFrameworks/GenerationalStorage.framework/Versions/A/GenerationalStorage
0x00007ff82ae70000 	/System/Library/PrivateFrameworks/SymptomDiagnosticReporter.framework/Versions/A/SymptomDiagnosticReporter
0x00007ff819e69000 	/System/Library/PrivateFrameworks/DesktopServicesPriv.framework/Versions/A/DesktopServicesPriv
0x00007ff81881d000 	/usr/lib/libsandbox.1.dylib
0x00007ff8267aa000 	/System/Library/PrivateFrameworks/NetAuth.framework/Versions/A/NetAuth
0x00007ff827a6e000 	/System/Library/PrivateFrameworks/Sharing.framework/Versions/A/Sharing
0x00007ff81e4e7000 	/System/Library/PrivateFrameworks/login.framework/Versions/A/Frameworks/loginsupport.framework/Versions/A/loginsupport
0x00007ff82d5f8000 	/System/Library/PrivateFrameworks/Apple80211.framework/Versions/A/Apple80211
0x00007ff822379000 	/System/Library/PrivateFrameworks/AuthKit.framework/Versions/A/AuthKit
0x00007ff8218b8000 	/System/Library/Frameworks/CoreWLAN.framework/Versions/A/CoreWLAN
0x00007ff91b6ca000 	/usr/lib/swift/libswiftCoreAudio.dylib
0x00007ff9209e1000 	/usr/lib/swift/libswiftCoreLocation.dylib
0x00007ff82413c000 	/usr/lib/libIOReport.dylib
0x00007ff82d5fc000 	/System/Library/PrivateFrameworks/CoreWiFi.framework/Versions/A/CoreWiFi
0x00007ffa21f73000 	/System/Library/PrivateFrameworks/WiFiPeerToPeer.framework/Versions/A/WiFiPeerToPeer
0x00007ff82251c000 	/System/Library/Frameworks/UserNotifications.framework/Versions/A/UserNotifications
0x00007ff826ca5000 	/System/Library/PrivateFrameworks/CorePhoneNumbers.framework/Versions/A/CorePhoneNumbers
0x00007ff826485000 	/System/Library/PrivateFrameworks/MultiverseSupport.framework/Versions/A/MultiverseSupport
0x00007ff82da35000 	/System/Library/PrivateFrameworks/RemoteServiceDiscovery.framework/Versions/A/RemoteServiceDiscovery
0x00007ff82af8b000 	/System/Library/PrivateFrameworks/DiskManagement.framework/Versions/A/DiskManagement
0x00007ff82aea3000 	/System/Library/PrivateFrameworks/AppleIDAuthSupport.framework/Versions/A/AppleIDAuthSupport
0x00007ffb16454000 	/System/Library/PrivateFrameworks/AAAFoundation.framework/Versions/A/AAAFoundation
0x00007ff826c7e000 	/System/Library/PrivateFrameworks/KeychainCircle.framework/Versions/A/KeychainCircle
0x00007ff82da49000 	/System/Library/PrivateFrameworks/RemoteXPC.framework/Versions/A/RemoteXPC
0x00007ff82daee000 	/usr/lib/libcsfde.dylib
0x00007ff8242e5000 	/usr/lib/libCoreStorage.dylib
0x00007ff82af57000 	/System/Library/PrivateFrameworks/MediaKit.framework/Versions/A/MediaKit
0x00007ff82aeaf000 	/System/Library/Frameworks/DiscRecording.framework/Versions/A/DiscRecording
0x00007ff827e6e000 	/System/Library/PrivateFrameworks/ProtectedCloudStorage.framework/Versions/A/ProtectedCloudStorage
0x00007ff82daea000 	/System/Library/PrivateFrameworks/EFILogin.framework/Versions/A/EFILogin
0x00007ff82b631000 	/System/Library/PrivateFrameworks/OctagonTrust.framework/Versions/A/OctagonTrust
0x00007ff81fa46000 	/System/Library/Frameworks/CoreLocation.framework/Versions/A/CoreLocation
0x00007ff8280c6000 	/System/Library/PrivateFrameworks/GeoServices.framework/Versions/A/GeoServices
0x00007ff826144000 	/System/Library/PrivateFrameworks/LocationSupport.framework/Versions/A/LocationSupport
0x00007ffb24d14000 	/System/Library/PrivateFrameworks/GeoServicesCore.framework/Versions/A/GeoServicesCore
0x00007ff916553000 	/System/Library/PrivateFrameworks/PhoneNumbers.framework/Versions/A/PhoneNumbers
0x00007ff8242dd000 	/usr/lib/libMatch.1.dylib
0x00007ff9209c4000 	/System/Library/Frameworks/Accelerate.framework/Versions/A/Frameworks/vImage.framework/Versions/A/Libraries/libCGInterfaces.dylib
0x0000000129fd6000 	/usr/lib/libobjc-trampolines.dylib
0x00007ffc2276f000 	/usr/lib/libAccessibilityBaseImplementations.dylib
0x00007ff81e1fa000 	/System/Library/PrivateFrameworks/ViewBridge.framework/Versions/A/ViewBridge
0x000000012f7aa000 	/Library/Java/JavaVirtualMachines/temurin-17.jdk/Contents/Home/lib/libverify.dylib
0x000000013019d000 	/Library/Java/JavaVirtualMachines/temurin-17.jdk/Contents/Home/lib/libextnet.dylib
0x0000000130e6d000 	/Users/arkadiuszkuzma/javafx-sdk-21/lib/libjavafx_font.dylib
0x00007ff824657000 	/System/Library/PrivateFrameworks/login.framework/Versions/A/login
0x00007ff82bee6000 	/System/Library/Frameworks/LocalAuthentication.framework/Versions/A/LocalAuthentication
0x00007ff82bf27000 	/System/Library/Frameworks/LocalAuthentication.framework/Support/SharedUtils.framework/Versions/A/SharedUtils
0x00007ff82be85000 	/System/Library/Frameworks/CryptoTokenKit.framework/Versions/A/CryptoTokenKit
0x00007ffc16745000 	/System/Library/PrivateFrameworks/TextInputUI.framework/Versions/A/TextInputUI
0x00007ffc1674d000 	/System/Library/PrivateFrameworks/TextInputUIMacHelper.framework/Versions/A/TextInputUIMacHelper


VM Arguments:
jvm_args: --module-path=/Users/arkadiuszkuzma/javafx-sdk-21/lib --add-modules=javafx.fxml,javafx.graphics,javafx.controls,javafx.base,javafx.media,javafx.swing,javafx.web 
java_command: com.myflock.myflockapp.MyFlockApp
java_class_path (initial): /Users/arkadiuszkuzma/Projects/Java/MyFlockApp/target/classes:/Users/arkadiuszkuzma/.m2/repository/org/hibernate/hibernate-core-jakarta/5.6.15.Final/hibernate-core-jakarta-5.6.15.Final.jar:/Users/arkadiuszkuzma/.m2/repository/org/jboss/logging/jboss-logging/3.4.3.Final/jboss-logging-3.4.3.Final.jar:/Users/arkadiuszkuzma/.m2/repository/jakarta/persistence/jakarta.persistence-api/3.0.0/jakarta.persistence-api-3.0.0.jar:/Users/arkadiuszkuzma/.m2/repository/net/bytebuddy/byte-buddy/1.12.18/byte-buddy-1.12.18.jar:/Users/arkadiuszkuzma/.m2/repository/antlr/antlr/2.7.7/antlr-2.7.7.jar:/Users/arkadiuszkuzma/.m2/repository/jakarta/transaction/jakarta.transaction-api/2.0.0/jakarta.transaction-api-2.0.0.jar:/Users/arkadiuszkuzma/.m2/repository/org/jboss/jandex/2.4.2.Final/jandex-2.4.2.Final.jar:/Users/arkadiuszkuzma/.m2/repository/com/fasterxml/classmate/1.5.1/classmate-1.5.1.jar:/Users/arkadiuszkuzma/.m2/repository/jakarta/activation/jakarta.activation-api/2.0.1/jakarta.activation-api-2.0.1.jar:/Users/arkadiuszkuzma/.m2/repository/org/dom4j/dom4j/2.1.3/dom4j-2.1.3.jar:/Users/arkadiuszkuzma/.m2/repository/org/hibernate/common/hibernate-commons-annotations/5.1.2.Final/hibernate-commons-annotations-5.1.2.Final.jar:/Users/arkadiuszkuzma/.m2/repository/jakarta/xml/bind/jakarta.xml.bind-api/3.0.1/jakarta.xml.bind-api-3.0.1.jar:/Users/arkadiuszkuzma/.m2/repository/com/sun/activation/jakarta.activation/2.0.1/jakarta.activation-2.0.1.jar:/Users/arkadiuszkuzma/.m2/repository/org/glassfish/jaxb/jaxb-runtime/3.0.0/jaxb-runtime-3.0.0.jar:/Users/arkadiuszkuzma/.m2/repository/org/glassfish/jaxb/jaxb-core/3.0.0/jaxb-core-3.0.0.jar:/Users/arkadiuszkuzma/.m2/repository/org/glassfish/jaxb/txw2/3.0.0/txw2-3.0.0.jar:/Users/arkadiuszkuzma/.m2/repository/com/sun/istack/istack-commons-runtime/4.0.0/istack-commons-runtime-4.0.0.jar:/Users/arkadiuszkuzma/.m2/repository/com/mysql/mysql-connector-j/8.0.33/mysql-connector-j-8.0.33.jar:/Users/arkadiuszkuzma/.m2/repository/com/
Launcher Type: SUN_STANDARD

[Global flags]
     intx CICompilerCount                          = 4                                         {product} {ergonomic}
     uint ConcGCThreads                            = 2                                         {product} {ergonomic}
     uint G1ConcRefinementThreads                  = 8                                         {product} {ergonomic}
   size_t G1HeapRegionSize                         = 1048576                                   {product} {ergonomic}
    uintx GCDrainStackTargetSize                   = 64                                        {product} {ergonomic}
   size_t InitialHeapSize                          = 134217728                                 {product} {ergonomic}
   size_t MarkStackSize                            = 4194304                                   {product} {ergonomic}
   size_t MaxHeapSize                              = 2147483648                                {product} {ergonomic}
   size_t MaxNewSize                               = 1287651328                                {product} {ergonomic}
   size_t MinHeapDeltaBytes                        = 1048576                                   {product} {ergonomic}
   size_t MinHeapSize                              = 8388608                                   {product} {ergonomic}
    uintx NonNMethodCodeHeapSize                   = 5839372                                {pd product} {ergonomic}
    uintx NonProfiledCodeHeapSize                  = 122909434                              {pd product} {ergonomic}
    uintx ProfiledCodeHeapSize                     = 122909434                              {pd product} {ergonomic}
    uintx ReservedCodeCacheSize                    = 251658240                              {pd product} {ergonomic}
     bool SegmentedCodeCache                       = true                                      {product} {ergonomic}
   size_t SoftMaxHeapSize                          = 2147483648                             {manageable} {ergonomic}
     bool UseCompressedClassPointers               = true                           {product lp64_product} {ergonomic}
     bool UseCompressedOops                        = true                           {product lp64_product} {ergonomic}
     bool UseG1GC                                  = true                                      {product} {ergonomic}
     bool UseNUMA                                  = false                                     {product} {ergonomic}
     bool UseNUMAInterleaving                      = false                                     {product} {ergonomic}

Logging:
Log output configuration:
 #0: stdout all=warning uptime,level,tags
 #1: stderr all=off uptime,level,tags

Environment Variables:
JAVA_HOME=/Library/Java/JavaVirtualMachines/temurin-17.jdk/Contents/Home
PATH=/usr/bin:/bin:/usr/sbin:/sbin
SHELL=/bin/zsh
LC_CTYPE=UTF-8

Signal Handlers:
   SIGSEGV: crash_handler in libjvm.dylib, mask=11100110100111111111111111111111, flags=SA_RESTART|SA_SIGINFO
    SIGBUS: crash_handler in libjvm.dylib, mask=11100110100111111111111111111111, flags=SA_RESTART|SA_SIGINFO
    SIGFPE: crash_handler in libjvm.dylib, mask=11100110100111111111111111111111, flags=SA_RESTART|SA_SIGINFO
   SIGPIPE: javaSignalHandler in libjvm.dylib, mask=11100110100111111111111111111111, flags=SA_RESTART|SA_SIGINFO
   SIGXFSZ: javaSignalHandler in libjvm.dylib, mask=11100110100111111111111111111111, flags=SA_RESTART|SA_SIGINFO
    SIGILL: crash_handler in libjvm.dylib, mask=11100110100111111111111111111111, flags=SA_RESTART|SA_SIGINFO
   SIGUSR2: SR_handler in libjvm.dylib, mask=00100000000000000000000000000000, flags=SA_RESTART|SA_SIGINFO
    SIGHUP: UserHandler in libjvm.dylib, mask=11100110100111111111111111111111, flags=SA_RESTART|SA_SIGINFO
    SIGINT: SIG_IGN, mask=11111111011111110111111111111111, flags=none
   SIGTERM: UserHandler in libjvm.dylib, mask=11100110100111111111111111111111, flags=SA_RESTART|SA_SIGINFO
   SIGQUIT: UserHandler in libjvm.dylib, mask=11100110100111111111111111111111, flags=SA_RESTART|SA_SIGINFO
  *** Handler was modified!
  *** Expected: javaSignalHandler in libjvm.dylib, mask=11100110100111111111111111111111, flags=SA_RESTART|SA_SIGINFO
   SIGTRAP: crash_handler in libjvm.dylib, mask=11100110100111111111111111111111, flags=SA_RESTART|SA_SIGINFO


---------------  S Y S T E M  ---------------

OS:
uname: Darwin 23.1.0 Darwin Kernel Version 23.1.0: Mon Oct  9 21:28:12 PDT 2023; root:xnu-10002.41.9~6/RELEASE_ARM64_T8103 x86_64
OS uptime: 0 days 2:18 hours
rlimit (soft/hard): STACK 8176k/65520k , CORE 0k/infinity , NPROC 1333/2000 , NOFILE 10240/infinity , AS infinity/infinity , CPU infinity/infinity , DATA infinity/infinity , FSIZE infinity/infinity , MEMLOCK infinity/infinity , RSS infinity/infinity
load average: 2.36 2.48 2.48

CPU: (EMULATED) total 8 (initial active 8) (1 cores per cpu, 1 threads per core) family 6 model 44 stepping 0 microcode 0x0, cx8, cmov, fxsr, mmx, sse, sse2, sse3, ssse3, sse4.1, sse4.2, popcnt, tsc, tscinvbit, aes, clmul, clflush

Memory: 4k page, physical 8388608k(18900k free), swap 2097152k(1278144k free)

vm_info: OpenJDK 64-Bit Server VM (17.0.3+7) for bsd-amd64 JRE (17.0.3+7), built on Apr 19 2022 22:49:40 by "jenkins" with clang 4.2.1 Compatible Apple LLVM 10.0.1 (clang-1001.0.46.4)

END.
