#
# A fatal error has been detected by the Java Runtime Environment:
#
#  EXCEPTION_ACCESS_VIOLATION (0xc0000005) at pc=0x000000000ab9989e, pid=8708, tid=5036
#
# JRE version: Java(TM) SE Runtime Environment (17.0.8+9) (build 17.0.8+9-LTS-211)
# Java VM: Java HotSpot(TM) 64-Bit Server VM (17.0.8+9-LTS-211, mixed mode, sharing, tiered, compressed oops, compressed class ptrs, g1 gc, windows-amd64)
# Problematic frame:
# 
[error occurred during error reporting (printing problematic frame), id 0xc0000005, EXCEPTION_ACCESS_VIOLATION (0xc0000005) at pc=0x000007fed021ca00]

# No core dump will be written. Minidumps are not enabled by default on client versions of Windows
#
# If you would like to submit a bug report, please visit:
#   https://bugreport.java.com/bugreport/crash.jsp
# The crash happened outside the Java Virtual Machine in native code.
# See problematic frame for where to report the bug.
#

---------------  S U M M A R Y ------------

Command Line: --module-path=C:\Users\DevelopmentMPOS\javafx-sdk-21\lib --add-modules=javafx.fxml,javafx.graphics,javafx.controls,javafx.base,javafx.media,javafx.swing,javafx.web com.myflock.myflockapp.MyFlockApp

Host: Intel(R) Core(TM) i3-2370M CPU @ 2.40GHz, 4 cores, 5G,  Windows 7 , 64 bit Build 7601 (6.1.7601.24511)
Time: Fri Oct  6 11:19:06 2023 GMT elapsed time: 102.460866 seconds (0d 0h 1m 42s)

---------------  T H R E A D  ---------------

Current thread (0x00000000666fedf0):  JavaThread "Thread-1" daemon [_thread_in_native, id=5036, stack(0x000000006a3e0000,0x000000006a4e0000)]

Stack: [0x000000006a3e0000,0x000000006a4e0000],  sp=0x000000006a4dfa08,  free space=1022k
Native frames: (J=compiled Java code, j=interpreted, Vv=VM code, C=native code)
C  0x000000000ab9989e


siginfo: EXCEPTION_ACCESS_VIOLATION (0xc0000005), writing address 0x000000007129816c


Register to memory mapping:

RIP=
[error occurred during error reporting (printing register info), id 0xc0000005, EXCEPTION_ACCESS_VIOLATION (0xc0000005) at pc=0x000007fed061361b]

Registers:
RAX=0x000000000ab990f4, RBX=0x000000006bd5d720, RCX=0x000000006bd5d720, RDX=0x00000000666ff078
RSP=0x000000006a4dfa08, RBP=0x0000000000000000, RSI=0x0000000000000010, RDI=0x000007fecf5df340
R8 =0x0000000000000051, R9 =0x0000000000000051, R10=0x0000000000000038, R11=0x000000006a4df9c0
R12=0x0000000000000000, R13=0x0000000000000000, R14=0x0000000000000000, R15=0x000007feef66ed00
RIP=0x000000000ab9989e, EFLAGS=0x0000000000010293

Top of Stack: (sp=0x000000006a4dfa08)
0x000000006a4dfa08:   000007fecf5df443 00000000666ff098
0x000000006a4dfa18:   0000000000000010 0000000066435360
0x000000006a4dfa28:   0000000000000000 000007fecf5df340
0x000000006a4dfa38:   000007feef642dde 0000000000000000
0x000000006a4dfa48:   0000000000000000 0000000000000000
0x000000006a4dfa58:   0000000000000000 0000000000000000
0x000000006a4dfa68:   0000000000000000 000007fecf5df340
0x000000006a4dfa78:   000007feef64a95d 0000000066704650
0x000000006a4dfa88:   0000000000000010 000007feef670400
0x000000006a4dfa98:   0000000066704650 0000000066704650
0x000000006a4dfaa8:   0000000000000000 0000000000000000
0x000000006a4dfab8:   0000000000000000 0000001000000000
0x000000006a4dfac8:   0000000000000000 0000000000000000
0x000000006a4dfad8:   0000000000000000 0000000000000000
0x000000006a4dfae8:   0000000000000000 0000000000000000
0x000000006a4dfaf8:   0000000000000000 0000000000000000 

Instructions: (pc=0x000000000ab9989e)
0x000000000ab9979e:   5d e9 dc a4 e0 06 f4 f4 f4 f4 f4 f4 f4 f4 f4 f4
0x000000000ab997ae:   f4 f4 f4 f4 f4 f4 f4 f4 f4 f4 f4 f4 f4 f4 f4 f4
0x000000000ab997be:   f4 f4 0f 1f 44 00 00 48 bb 00 00 00 00 00 00 00
0x000000000ab997ce:   00 e9 fb ff ff ff 90 48 bb 00 00 00 00 00 00 00
0x000000000ab997de:   00 e9 fb ff ff ff 90 48 bb 00 00 00 00 00 00 00
0x000000000ab997ee:   00 e9 fb ff ff ff e8 87 e0 e0 06 48 b9 80 df 88
0x000000000ab997fe:   d0 fe 07 00 00 48 83 e4 f0 49 ba 20 db 56 d0 fe
0x000000000ab9980e:   07 00 00 41 ff d2 f4 49 ba 15 98 b9 0a 00 00 00
0x000000000ab9981e:   00 41 52 e9 7a 8e d6 06 f4 f4 80 09 90 a1 00 00
0x000000000ab9982e:   00 00 08 a0 4d 61 00 00 00 00 60 ee 4e 61 00 00
0x000000000ab9983e:   00 00 d8 2d 51 61 00 00 00 00 98 b0 0e 61 00 00
0x000000000ab9984e:   00 00 b8 ed 4e 61 00 00 00 00 48 9a 4d 61 00 00
0x000000000ab9985e:   00 00 e8 33 05 21 00 00 00 00 40 64 02 21 00 00
0x000000000ab9986e:   00 00 68 9f 4d 61 00 00 00 00 c8 b2 0e 61 00 00
0x000000000ab9987e:   00 00 f0 31 05 21 00 00 00 00 48 71 0e 61 00 00
0x000000000ab9988e:   00 00 ff 01 00 00 00 01 0a 01 00 00 02 00 00 00
0x000000000ab9989e:   00 04 02 0d 0a 00 00 0f 03 06 0a 00 00 15 04 03
0x000000000ab998ae:   0a 00 00 04 02 15 0a 00 00 21 05 03 0a 00 00 01
0x000000000ab998be:   00 c2 0a 15 04 0f 0a 2d 00 01 00 92 00 01 00 37
0x000000000ab998ce:   00 00 00 01 06 37 00 00 40 06 00 00 00 00 02 00
0x000000000ab998de:   d2 03 00 92 04 02 00 4c 00 00 02 00 d2 05 00 92
0x000000000ab998ee:   0f 03 00 58 00 00 15 04 00 4c 00 00 21 05 00 4c
0x000000000ab998fe:   00 00 15 04 09 0a 00 00 00 00 ff ff ff ff 00 00
0x000000000ab9990e:   00 00 00 00 00 00 00 00 00 00 1c 02 00 00 1b 00
0x000000000ab9991e:   00 00 00 00 00 00 00 00 00 00 dc 02 00 00 27 00
0x000000000ab9992e:   00 00 00 00 00 00 00 00 00 00 8c 03 00 00 31 00
0x000000000ab9993e:   00 00 00 00 00 00 00 00 00 00 b2 03 00 00 3a 00
0x000000000ab9994e:   00 00 00 00 00 00 00 00 00 00 d3 03 00 00 46 00
0x000000000ab9995e:   00 00 00 00 00 00 00 00 00 00 dd 03 00 00 04 00
0x000000000ab9996e:   00 00 00 00 00 00 00 00 00 00 f9 03 00 00 52 00
0x000000000ab9997e:   00 00 00 00 00 00 00 00 00 00 03 04 00 00 0f 00
0x000000000ab9998e:   00 00 00 00 00 00 00 00 00 00 1f 04 00 00 5e 00 


Stack slot to memory mapping:
stack at sp + 0 slots: 0x000007fecf5df443 glass.dll
stack at sp + 1 slots: 0x00000000666ff098 points into unknown readable memory: 0x000007fed0a61660 | 60 16 a6 d0 fe 07 00 00
stack at sp + 2 slots: 0x0000000000000010 is an unknown value
stack at sp + 3 slots: 0x0000000066435360 points into unknown readable memory: 0x0000000020400838 | 38 08 40 20 00 00 00 00
stack at sp + 4 slots: 0x0 is NULL
stack at sp + 5 slots: 0x000007fecf5df340 glass.dll
stack at sp + 6 slots: 0x000007feef642dde WINMM.dll
stack at sp + 7 slots: 0x0 is NULL


[error occurred during error reporting (printing code blob if possible), id 0xc0000005, EXCEPTION_ACCESS_VIOLATION (0xc0000005) at pc=0x000007fed061361b]


---------------  P R O C E S S  ---------------

Threads class SMR info:
_java_thread_list=0x00000000002a5550, length=17, elements={
0x000000001cfd6200, 0x000000001cfd9520, 0x000000001cfe4220, 0x000000001cfe6c40,
0x000000001cfe7ca0, 0x000000001cfec200, 0x000000001cfef240, 0x000000001fd24f60,
0x000000001fd26040, 0x000000001fe1f650, 0x0000000066537bd0, 0x0000000066798070,
0x00000000666fedf0, 0x0000000066b64410, 0x000000006a7dcd00, 0x000000006a5032d0,
0x000000006a5037a0
}

Java Threads: ( => current thread )
  0x000000001cfd6200 JavaThread "Reference Handler" daemon [_thread_blocked, id=3728, stack(0x0000000065030000,0x0000000065130000)]
  0x000000001cfd9520 JavaThread "Finalizer" daemon [_thread_blocked, id=4012, stack(0x000000001fe40000,0x000000001ff40000)]
  0x000000001cfe4220 JavaThread "Signal Dispatcher" daemon [_thread_blocked, id=8896, stack(0x0000000065260000,0x0000000065360000)]
  0x000000001cfe6c40 JavaThread "Attach Listener" daemon [_thread_blocked, id=4472, stack(0x00000000653c0000,0x00000000654c0000)]
  0x000000001cfe7ca0 JavaThread "Service Thread" daemon [_thread_blocked, id=9156, stack(0x00000000655d0000,0x00000000656d0000)]
  0x000000001cfec200 JavaThread "Monitor Deflation Thread" daemon [_thread_blocked, id=7676, stack(0x0000000065880000,0x0000000065980000)]
  0x000000001cfef240 JavaThread "C2 CompilerThread0" daemon [_thread_blocked, id=8876, stack(0x0000000065750000,0x0000000065850000)]
  0x000000001fd24f60 JavaThread "C1 CompilerThread0" daemon [_thread_blocked, id=1288, stack(0x00000000659b0000,0x0000000065ab0000)]
  0x000000001fd26040 JavaThread "Sweeper thread" daemon [_thread_blocked, id=8540, stack(0x0000000065b20000,0x0000000065c20000)]
  0x000000001fe1f650 JavaThread "Common-Cleaner" daemon [_thread_blocked, id=6408, stack(0x0000000065dc0000,0x0000000065ec0000)]
  0x0000000066537bd0 JavaThread "Notification Thread" daemon [_thread_blocked, id=8512, stack(0x0000000065ed0000,0x0000000065fd0000)]
  0x0000000066798070 JavaThread "InvokeLaterDispatcher" daemon [_thread_blocked, id=8504, stack(0x0000000067580000,0x0000000067680000)]
=>0x00000000666fedf0 JavaThread "Thread-1" daemon [_thread_in_native, id=5036, stack(0x000000006a3e0000,0x000000006a4e0000)]
  0x0000000066b64410 JavaThread "mysql-cj-abandoned-connection-cleanup" daemon [_thread_blocked, id=8356, stack(0x000000006b6e0000,0x000000006b7e0000)]
  0x000000006a7dcd00 JavaThread "Hibernate Connection Pool Validation Thread" daemon [_thread_blocked, id=8384, stack(0x000000006bab0000,0x000000006bbb0000)]
  0x000000006a5032d0 JavaThread "Prism Font Disposer" daemon [_thread_blocked, id=8304, stack(0x000000006cdb0000,0x000000006ceb0000)]
  0x000000006a5037a0 JavaThread "Cleaner-0" daemon [_thread_blocked, id=9168, stack(0x000000006f080000,0x000000006f180000)]

Other Threads:
  0x000000001cfc1c00 VMThread "VM Thread" [stack: 0x000000001f8b0000,0x000000001f9b0000] [id=1560] _threads_hazard_ptr=0x00000000002a5550
  0x00000000002d9180 GCTaskThread "GC Thread#0" [stack: 0x000000001d0b0000,0x000000001d1b0000] [id=7120]
  0x00000000667c1db0 GCTaskThread "GC Thread#1" [stack: 0x000000006a030000,0x000000006a130000] [id=8560]
  0x00000000667c2060 GCTaskThread "GC Thread#2" [stack: 0x000000006a130000,0x000000006a230000] [id=8624]
  0x00000000666db100 GCTaskThread "GC Thread#3" [stack: 0x0000000069ec0000,0x0000000069fc0000] [id=7900]
  0x000000001cef6340 ConcurrentGCThread "G1 Main Marker" terminated
  0x000000001cef7c00 ConcurrentGCThread "G1 Conc#0" [stack: 0x000000001d460000,0x000000001d560000] [id=3248]
  0x000000001cf59e60 ConcurrentGCThread "G1 Refine#0" terminated
  0x000000001cf5a690 ConcurrentGCThread "G1 Service" terminated

Threads with active compile tasks:
C1 CompilerThread0   102589 4216       3       java.util.logging.Logger::updateEffectiveLevel (126 bytes)

VM state: at safepoint (normal execution)

VM Mutex/Monitor currently owned by a thread:  ([mutex/lock_event])
[0x0000000000242500] CodeCache_lock - owner thread: 0x00000000666fedf0
[0x00000000002821b0] Threads_lock - owner thread: 0x000000001cfc1c00
[0x00000000002827e0] Heap_lock - owner thread: 0x000000006a503c70

Heap address: 0x00000000a1800000, size: 1512 MB, Compressed Oops mode: 32-bit

CDS archive(s) mapped at: [0x0000000020000000-0x0000000020bd0000-0x0000000020bd0000), size 12386304, SharedBaseAddress: 0x0000000020000000, ArchiveRelocationMode: 1.
Compressed class space mapped at: 0x0000000021000000-0x0000000061000000, reserved size: 1073741824
Narrow klass base: 0x0000000020000000, Narrow klass shift: 0, Narrow klass range: 0x100000000

GC Precious Log:
 CPUs: 4 total, 4 available
 Memory: 6044M
 Large Page Support: Disabled
 NUMA Support: Disabled
 Compressed Oops: Enabled (32-bit)
 Heap Region Size: 1M
 Heap Min Capacity: 8M
 Heap Initial Capacity: 96M
 Heap Max Capacity: 1512M
 Pre-touch: Disabled
 Parallel Workers: 4
 Concurrent Workers: 1
 Concurrent Refinement Workers: 4
 Periodic GC: Disabled

Heap:
 garbage-first heap   total 40960K, used 28678K [0x00000000a1800000, 0x0000000100000000)
  region size 1024K, 15 young (15360K), 2 survivors (2048K)
 Metaspace       used 41777K, committed 42048K, reserved 1114112K
  class space    used 5889K, committed 6016K, reserved 1048576K

Heap Regions: E=young(eden), S=young(survivor), O=old, HS=humongous(starts), HC=humongous(continues), CS=collection set, F=free, OA=open archive, CA=closed archive, TAMS=top-at-mark-start (previous, next)
|   0|0x00000000a1800000, 0x00000000a1900000, 0x00000000a1900000|100%|HS|  |TAMS 0x00000000a1900000, 0x00000000a1800000| Complete 
|   1|0x00000000a1900000, 0x00000000a1a00000, 0x00000000a1a00000|100%| O|  |TAMS 0x00000000a1a00000, 0x00000000a1900000| Untracked 
|   2|0x00000000a1a00000, 0x00000000a1b00000, 0x00000000a1b00000|100%| O|  |TAMS 0x00000000a1b00000, 0x00000000a1a00000| Untracked 
|   3|0x00000000a1b00000, 0x00000000a1c00000, 0x00000000a1c00000|100%| O|  |TAMS 0x00000000a1b00000, 0x00000000a1b00000| Untracked 
|   4|0x00000000a1c00000, 0x00000000a1d00000, 0x00000000a1d00000|100%| O|  |TAMS 0x00000000a1d00000, 0x00000000a1c00000| Untracked 
|   5|0x00000000a1d00000, 0x00000000a1e00000, 0x00000000a1e00000|100%| O|  |TAMS 0x00000000a1e00000, 0x00000000a1d00000| Untracked 
|   6|0x00000000a1e00000, 0x00000000a1f00000, 0x00000000a1f00000|100%| O|  |TAMS 0x00000000a1f00000, 0x00000000a1e00000| Untracked 
|   7|0x00000000a1f00000, 0x00000000a2000000, 0x00000000a2000000|100%| O|  |TAMS 0x00000000a2000000, 0x00000000a1f00000| Untracked 
|   8|0x00000000a2000000, 0x00000000a2100000, 0x00000000a2100000|100%| O|  |TAMS 0x00000000a2100000, 0x00000000a2000000| Untracked 
|   9|0x00000000a2100000, 0x00000000a2200000, 0x00000000a2200000|100%| O|  |TAMS 0x00000000a2200000, 0x00000000a2100000| Untracked 
|  10|0x00000000a2200000, 0x00000000a2300000, 0x00000000a2300000|100%| O|  |TAMS 0x00000000a2300000, 0x00000000a2200000| Untracked 
|  11|0x00000000a2300000, 0x00000000a2400000, 0x00000000a2400000|100%| O|  |TAMS 0x00000000a235c600, 0x00000000a2300000| Untracked 
|  12|0x00000000a2400000, 0x00000000a2500000, 0x00000000a2500000|100%| O|  |TAMS 0x00000000a2400000, 0x00000000a2400000| Untracked 
|  13|0x00000000a2500000, 0x00000000a2535200, 0x00000000a2600000| 20%| O|  |TAMS 0x00000000a2500000, 0x00000000a2500000| Untracked 
|  14|0x00000000a2600000, 0x00000000a2700000, 0x00000000a2700000|100%|HS|  |TAMS 0x00000000a2600000, 0x00000000a2600000| Complete 
|  15|0x00000000a2700000, 0x00000000a2800000, 0x00000000a2800000|100%|HC|  |TAMS 0x00000000a2700000, 0x00000000a2700000| Complete 
|  16|0x00000000a2800000, 0x00000000a2800000, 0x00000000a2900000|  0%| F|  |TAMS 0x00000000a2800000, 0x00000000a2800000| Untracked 
|  17|0x00000000a2900000, 0x00000000a2900000, 0x00000000a2a00000|  0%| F|  |TAMS 0x00000000a2900000, 0x00000000a2900000| Untracked 
|  18|0x00000000a2a00000, 0x00000000a2a00000, 0x00000000a2b00000|  0%| F|  |TAMS 0x00000000a2a00000, 0x00000000a2a00000| Untracked 
|  19|0x00000000a2b00000, 0x00000000a2b00000, 0x00000000a2c00000|  0%| F|  |TAMS 0x00000000a2b00000, 0x00000000a2b00000| Untracked 
|  20|0x00000000a2c00000, 0x00000000a2c00000, 0x00000000a2d00000|  0%| F|  |TAMS 0x00000000a2c00000, 0x00000000a2c00000| Untracked 
|  21|0x00000000a2d00000, 0x00000000a2d00000, 0x00000000a2e00000|  0%| F|  |TAMS 0x00000000a2d00000, 0x00000000a2d00000| Untracked 
|  22|0x00000000a2e00000, 0x00000000a2e00000, 0x00000000a2f00000|  0%| F|  |TAMS 0x00000000a2e00000, 0x00000000a2e00000| Untracked 
|  23|0x00000000a2f00000, 0x00000000a2f00000, 0x00000000a3000000|  0%| F|  |TAMS 0x00000000a2f00000, 0x00000000a2f00000| Untracked 
|  24|0x00000000a3000000, 0x00000000a30cc720, 0x00000000a3100000| 79%| S|CS|TAMS 0x00000000a3000000, 0x00000000a3000000| Complete 
|  25|0x00000000a3100000, 0x00000000a3200000, 0x00000000a3200000|100%| S|CS|TAMS 0x00000000a3100000, 0x00000000a3100000| Complete 
|  26|0x00000000a3200000, 0x00000000a3200000, 0x00000000a3300000|  0%| F|  |TAMS 0x00000000a3200000, 0x00000000a3200000| Untracked 
|  27|0x00000000a3300000, 0x00000000a33c9cc0, 0x00000000a3400000| 78%| E|  |TAMS 0x00000000a3300000, 0x00000000a3300000| Complete 
|  28|0x00000000a3400000, 0x00000000a3500000, 0x00000000a3500000|100%| E|CS|TAMS 0x00000000a3400000, 0x00000000a3400000| Complete 
|  29|0x00000000a3500000, 0x00000000a3600000, 0x00000000a3600000|100%| E|CS|TAMS 0x00000000a3500000, 0x00000000a3500000| Complete 
|  30|0x00000000a3600000, 0x00000000a3700000, 0x00000000a3700000|100%| E|CS|TAMS 0x00000000a3600000, 0x00000000a3600000| Complete 
|  31|0x00000000a3700000, 0x00000000a3800000, 0x00000000a3800000|100%| E|CS|TAMS 0x00000000a3700000, 0x00000000a3700000| Complete 
|  62|0x00000000a5600000, 0x00000000a5700000, 0x00000000a5700000|100%| E|  |TAMS 0x00000000a5600000, 0x00000000a5600000| Complete 
|  63|0x00000000a5700000, 0x00000000a5800000, 0x00000000a5800000|100%| E|CS|TAMS 0x00000000a5700000, 0x00000000a5700000| Complete 
|  64|0x00000000a5800000, 0x00000000a5900000, 0x00000000a5900000|100%| E|CS|TAMS 0x00000000a5800000, 0x00000000a5800000| Complete 
|  65|0x00000000a5900000, 0x00000000a5a00000, 0x00000000a5a00000|100%| E|CS|TAMS 0x00000000a5900000, 0x00000000a5900000| Complete 
|  66|0x00000000a5a00000, 0x00000000a5b00000, 0x00000000a5b00000|100%| E|CS|TAMS 0x00000000a5a00000, 0x00000000a5a00000| Complete 
|  67|0x00000000a5b00000, 0x00000000a5c00000, 0x00000000a5c00000|100%| E|CS|TAMS 0x00000000a5b00000, 0x00000000a5b00000| Complete 
|  68|0x00000000a5c00000, 0x00000000a5d00000, 0x00000000a5d00000|100%| E|CS|TAMS 0x00000000a5c00000, 0x00000000a5c00000| Complete 
|  95|0x00000000a7700000, 0x00000000a7800000, 0x00000000a7800000|100%| E|CS|TAMS 0x00000000a7700000, 0x00000000a7700000| Complete 

Card table byte_map: [0x00000000199b0000,0x0000000019cb0000] _byte_map_base: 0x00000000194a4000

Marking Bits (Prev, Next): (CMBitMap*) 0x00000000002d96a0, (CMBitMap*) 0x00000000002d96e0
 Prev Bits: [0x0000000019fb0000, 0x000000001b750000)
 Next Bits: [0x000000001b750000, 0x000000001cef0000)

Polling page: 0x00000000001c0000

Metaspace:

Usage:
  Non-class:     35.05 MB used.
      Class:      5.75 MB used.
       Both:     40.80 MB used.

Virtual space:
  Non-class space:       64.00 MB reserved,      35.19 MB ( 55%) committed,  1 nodes.
      Class space:        1.00 GB reserved,       5.88 MB ( <1%) committed,  1 nodes.
             Both:        1.06 GB reserved,      41.06 MB (  4%) committed. 

Chunk freelists:
   Non-Class:  12.64 MB
       Class:  10.16 MB
        Both:  22.80 MB

MaxMetaspaceSize: unlimited
CompressedClassSpaceSize: 1.00 GB
Initial GC threshold: 21.00 MB
Current GC threshold: 59.19 MB
CDS: on
MetaspaceReclaimPolicy: balanced
 - commit_granule_bytes: 65536.
 - commit_granule_words: 8192.
 - virtual_space_node_default_size: 8388608.
 - enlarge_chunks_in_place: 1.
 - new_chunks_are_fully_committed: 0.
 - uncommit_free_chunks: 1.
 - use_allocation_guard: 0.
 - handle_deallocations: 1.


Internal statistics:

num_allocs_failed_limit: 6.
num_arena_births: 298.
num_arena_deaths: 0.
num_vsnodes_births: 2.
num_vsnodes_deaths: 0.
num_space_committed: 657.
num_space_uncommitted: 0.
num_chunks_returned_to_freelist: 6.
num_chunks_taken_from_freelist: 1524.
num_chunk_merges: 3.
num_chunk_splits: 1120.
num_chunks_enlarged: 914.
num_purges: 0.
num_inconsistent_stats: 0.

CodeHeap 'non-profiled nmethods': size=120000Kb used=1832Kb max_used=1832Kb free=118167Kb
 bounds [0x0000000011e50000, 0x00000000120c0000, 0x0000000019380000]
CodeHeap 'profiled nmethods': size=120000Kb used=8306Kb max_used=8306Kb free=111693Kb
 bounds [0x000000000a380000, 0x000000000aba0000, 0x00000000118b0000]
CodeHeap 'non-nmethods': size=5760Kb used=1562Kb max_used=1580Kb free=4197Kb
 bounds [0x00000000118b0000, 0x0000000011b20000, 0x0000000011e50000]
 total_blobs=5169 nmethods=4215 adapters=865
 compilation: enabled
              stopped_count=0, restarted_count=0
 full_count=0

Compilation events (20 events):
Event: 102.275 Thread 0x000000001fd24f60 nmethod 4207 0x000000000ab95d90 code [0x000000000ab95f60, 0x000000000ab964e8]
Event: 102.275 Thread 0x000000001fd24f60 4205       1       javafx.scene.layout.Region::computeMaxHeight (4 bytes)
Event: 102.275 Thread 0x000000001fd24f60 nmethod 4205 0x0000000012019610 code [0x00000000120197c0, 0x0000000012019898]
Event: 102.275 Thread 0x000000001fd24f60 4208       3       com.sun.marlin.MaskMarlinAlphaConsumer::setAndClearRelativeAlphas (641 bytes)
Event: 102.282 Thread 0x000000001fd24f60 nmethod 4208 0x000000000ab96690 code [0x000000000ab969a0, 0x000000000ab982c8]
Event: 102.369 Thread 0x000000001cfef240 4209       4       java.util.concurrent.ConcurrentHashMap$ValueIterator::next (34 bytes)
Event: 102.377 Thread 0x000000001cfef240 nmethod 4209 0x0000000012019910 code [0x0000000012019aa0, 0x0000000012019e98]
Event: 102.379 Thread 0x000000001fd24f60 4210       3       com.sun.glass.ui.Application::invokeLater (13 bytes)
Event: 102.379 Thread 0x000000001fd24f60 nmethod 4210 0x000000000ab99090 code [0x000000000ab992a0, 0x000000000ab99828]
Event: 102.380 Thread 0x000000001fd24f60 4211       3       com.sun.glass.ui.win.WinApplication::_invokeLater (24 bytes)
Event: 102.380 Thread 0x000000001fd24f60 nmethod 4211 0x000000000ab99a90 code [0x000000000ab99c80, 0x000000000ab9a0c8]
Event: 102.380 Thread 0x000000001fd24f60 4212       3       com.sun.glass.ui.InvokeLaterDispatcher::invokeLater (11 bytes)
Event: 102.381 Thread 0x000000001fd24f60 nmethod 4212 0x000000000ab9a290 code [0x000000000ab9a460, 0x000000000ab9a738]
Event: 102.381 Thread 0x000000001fd24f60 4213       3       java.util.concurrent.LinkedBlockingDeque::addLast (19 bytes)
Event: 102.381 Thread 0x000000001fd24f60 nmethod 4213 0x000000000ab9a890 code [0x000000000ab9aa40, 0x000000000ab9ac78]
Event: 102.397 Thread 0x000000001fd24f60 4214       3       java.util.logging.LogManager::checkPermission (16 bytes)
Event: 102.397 Thread 0x000000001fd24f60 nmethod 4214 0x000000000ab9ad90 code [0x000000000ab9af60, 0x000000000ab9b2a8]
Event: 102.397 Thread 0x000000001fd24f60 4215   !   3       java.util.logging.LogManager$LoggerContext::findLogger (113 bytes)
Event: 102.399 Thread 0x000000001fd24f60 nmethod 4215 0x000000000ab9b410 code [0x000000000ab9b6c0, 0x000000000ab9c5e8]
Event: 102.399 Thread 0x000000001fd24f60 4216       3       java.util.logging.Logger::updateEffectiveLevel (126 bytes)

GC Heap History (18 events):
Event: 1.268 GC heap before
{Heap before GC invocations=0 (full 0):
 garbage-first heap   total 98304K, used 12288K [0x00000000a1800000, 0x0000000100000000)
  region size 1024K, 13 young (13312K), 0 survivors (0K)
 Metaspace       used 2595K, committed 2816K, reserved 1114112K
  class space    used 269K, committed 384K, reserved 1048576K
}
Event: 1.273 GC heap after
{Heap after GC invocations=1 (full 0):
 garbage-first heap   total 98304K, used 1600K [0x00000000a1800000, 0x0000000100000000)
  region size 1024K, 2 young (2048K), 2 survivors (2048K)
 Metaspace       used 2595K, committed 2816K, reserved 1114112K
  class space    used 269K, committed 384K, reserved 1048576K
}
Event: 2.059 GC heap before
{Heap before GC invocations=1 (full 0):
 garbage-first heap   total 98304K, used 19008K [0x00000000a1800000, 0x0000000100000000)
  region size 1024K, 19 young (19456K), 2 survivors (2048K)
 Metaspace       used 10043K, committed 10240K, reserved 1114112K
  class space    used 1124K, committed 1216K, reserved 1048576K
}
Event: 2.065 GC heap after
{Heap after GC invocations=2 (full 0):
 garbage-first heap   total 98304K, used 7014K [0x00000000a1800000, 0x0000000100000000)
  region size 1024K, 3 young (3072K), 3 survivors (3072K)
 Metaspace       used 10043K, committed 10240K, reserved 1114112K
  class space    used 1124K, committed 1216K, reserved 1048576K
}
Event: 3.738 GC heap before
{Heap before GC invocations=2 (full 0):
 garbage-first heap   total 98304K, used 30566K [0x00000000a1800000, 0x0000000100000000)
  region size 1024K, 27 young (27648K), 3 survivors (3072K)
 Metaspace       used 21381K, committed 21504K, reserved 1114112K
  class space    used 2628K, committed 2688K, reserved 1048576K
}
Event: 3.745 GC heap after
{Heap after GC invocations=3 (full 0):
 garbage-first heap   total 98304K, used 10153K [0x00000000a1800000, 0x0000000100000000)
  region size 1024K, 7 young (7168K), 7 survivors (7168K)
 Metaspace       used 21381K, committed 21504K, reserved 1114112K
  class space    used 2628K, committed 2688K, reserved 1048576K
}
Event: 4.603 GC heap before
{Heap before GC invocations=4 (full 0):
 garbage-first heap   total 40960K, used 27561K [0x00000000a1800000, 0x0000000100000000)
  region size 1024K, 24 young (24576K), 7 survivors (7168K)
 Metaspace       used 26624K, committed 26880K, reserved 1114112K
  class space    used 3341K, committed 3456K, reserved 1048576K
}
Event: 4.613 GC heap after
{Heap after GC invocations=5 (full 0):
 garbage-first heap   total 40960K, used 10668K [0x00000000a1800000, 0x0000000100000000)
  region size 1024K, 1 young (1024K), 1 survivors (1024K)
 Metaspace       used 26624K, committed 26880K, reserved 1114112K
  class space    used 3341K, committed 3456K, reserved 1048576K
}
Event: 4.650 GC heap before
{Heap before GC invocations=5 (full 0):
 garbage-first heap   total 40960K, used 11692K [0x00000000a1800000, 0x0000000100000000)
  region size 1024K, 2 young (2048K), 1 survivors (1024K)
 Metaspace       used 26814K, committed 27008K, reserved 1114112K
  class space    used 3385K, committed 3456K, reserved 1048576K
}
Event: 4.654 GC heap after
{Heap after GC invocations=6 (full 0):
 garbage-first heap   total 40960K, used 10859K [0x00000000a1800000, 0x0000000100000000)
  region size 1024K, 1 young (1024K), 1 survivors (1024K)
 Metaspace       used 26814K, committed 27008K, reserved 1114112K
  class space    used 3385K, committed 3456K, reserved 1048576K
}
Event: 5.525 GC heap before
{Heap before GC invocations=6 (full 0):
 garbage-first heap   total 40960K, used 26219K [0x00000000a1800000, 0x0000000100000000)
  region size 1024K, 16 young (16384K), 1 survivors (1024K)
 Metaspace       used 30936K, committed 31168K, reserved 1114112K
  class space    used 4035K, committed 4160K, reserved 1048576K
}
Event: 5.529 GC heap after
{Heap after GC invocations=7 (full 0):
 garbage-first heap   total 40960K, used 11800K [0x00000000a1800000, 0x0000000100000000)
  region size 1024K, 2 young (2048K), 2 survivors (2048K)
 Metaspace       used 30936K, committed 31168K, reserved 1114112K
  class space    used 4035K, committed 4160K, reserved 1048576K
}
Event: 5.936 GC heap before
{Heap before GC invocations=7 (full 0):
 garbage-first heap   total 40960K, used 28184K [0x00000000a1800000, 0x0000000100000000)
  region size 1024K, 18 young (18432K), 2 survivors (2048K)
 Metaspace       used 35236K, committed 35520K, reserved 1114112K
  class space    used 4706K, committed 4864K, reserved 1048576K
}
Event: 5.947 GC heap after
{Heap after GC invocations=8 (full 0):
 garbage-first heap   total 40960K, used 13647K [0x00000000a1800000, 0x0000000100000000)
  region size 1024K, 3 young (3072K), 3 survivors (3072K)
 Metaspace       used 35236K, committed 35520K, reserved 1114112K
  class space    used 4706K, committed 4864K, reserved 1048576K
}
Event: 6.172 GC heap before
{Heap before GC invocations=8 (full 0):
 garbage-first heap   total 40960K, used 18767K [0x00000000a1800000, 0x0000000100000000)
  region size 1024K, 9 young (9216K), 3 survivors (3072K)
 Metaspace       used 35914K, committed 36160K, reserved 1114112K
  class space    used 4822K, committed 4928K, reserved 1048576K
}
Event: 6.180 GC heap after
{Heap after GC invocations=9 (full 0):
 garbage-first heap   total 40960K, used 14667K [0x00000000a1800000, 0x0000000100000000)
  region size 1024K, 2 young (2048K), 2 survivors (2048K)
 Metaspace       used 35914K, committed 36160K, reserved 1114112K
  class space    used 4822K, committed 4928K, reserved 1048576K
}
Event: 6.802 GC heap before
{Heap before GC invocations=10 (full 0):
 garbage-first heap   total 40960K, used 25931K [0x00000000a1800000, 0x0000000100000000)
  region size 1024K, 14 young (14336K), 2 survivors (2048K)
 Metaspace       used 38660K, committed 38912K, reserved 1114112K
  class space    used 5389K, committed 5504K, reserved 1048576K
}
Event: 6.807 GC heap after
{Heap after GC invocations=11 (full 0):
 garbage-first heap   total 40960K, used 15366K [0x00000000a1800000, 0x0000000100000000)
  region size 1024K, 2 young (2048K), 2 survivors (2048K)
 Metaspace       used 38660K, committed 38912K, reserved 1114112K
  class space    used 5389K, committed 5504K, reserved 1048576K
}

Deoptimization events (20 events):
Event: 37.589 Thread 0x0000000066347ee0 DEOPT PACKING pc=0x000000000a9eddb0 sp=0x0000000066e2d5c0
Event: 37.589 Thread 0x0000000066347ee0 DEOPT UNPACKING pc=0x0000000011902b43 sp=0x0000000066e2c978 mode 0
Event: 50.810 Thread 0x0000000066347ee0 DEOPT PACKING pc=0x000000000a9ec1c2 sp=0x0000000066e2d890
Event: 50.810 Thread 0x0000000066347ee0 DEOPT UNPACKING pc=0x0000000011902b43 sp=0x0000000066e2cd40 mode 0
Event: 102.275 Thread 0x0000000066347ee0 Uncommon trap: trap_request=0xffffff45 fr.pc=0x0000000011ffd2d8 relative=0x0000000000000818
Event: 102.275 Thread 0x0000000066347ee0 Uncommon trap: reason=unstable_if action=reinterpret pc=0x0000000011ffd2d8 method=com.sun.marlin.MaskMarlinAlphaConsumer.setAndClearRelativeAlphas([I[IIII)V @ 369 c2
Event: 102.275 Thread 0x0000000066347ee0 DEOPT PACKING pc=0x0000000011ffd2d8 sp=0x0000000066e2da90
Event: 102.275 Thread 0x0000000066347ee0 DEOPT UNPACKING pc=0x00000000119023a3 sp=0x0000000066e2d998 mode 2
Event: 102.349 Thread 0x00000000667c5120 Uncommon trap: trap_request=0xffffffc6 fr.pc=0x0000000012011ef8 relative=0x0000000000000658
Event: 102.349 Thread 0x00000000667c5120 Uncommon trap: reason=bimorphic_or_optimized_type_check action=maybe_recompile pc=0x0000000012011ef8 method=com.sun.javafx.event.EventHandlerManager.dispatchCapturingEvent(Ljavafx/event/Event;)Ljavafx/event/Event; @ 1 c2
Event: 102.349 Thread 0x00000000667c5120 DEOPT PACKING pc=0x0000000012011ef8 sp=0x00000000677abf00
Event: 102.349 Thread 0x00000000667c5120 DEOPT UNPACKING pc=0x00000000119023a3 sp=0x00000000677abeb8 mode 2
Event: 102.366 Thread 0x00000000667c5120 Uncommon trap: trap_request=0xffffffc6 fr.pc=0x0000000012011ef8 relative=0x0000000000000658
Event: 102.366 Thread 0x00000000667c5120 Uncommon trap: reason=bimorphic_or_optimized_type_check action=maybe_recompile pc=0x0000000012011ef8 method=com.sun.javafx.event.EventHandlerManager.dispatchCapturingEvent(Ljavafx/event/Event;)Ljavafx/event/Event; @ 1 c2
Event: 102.366 Thread 0x00000000667c5120 DEOPT PACKING pc=0x0000000012011ef8 sp=0x00000000677abf00
Event: 102.366 Thread 0x00000000667c5120 DEOPT UNPACKING pc=0x00000000119023a3 sp=0x00000000677abeb8 mode 2
Event: 102.379 Thread 0x000000006c18a450 Uncommon trap: trap_request=0xffffff45 fr.pc=0x0000000011ff03a4 relative=0x0000000000000084
Event: 102.379 Thread 0x000000006c18a450 Uncommon trap: reason=unstable_if action=reinterpret pc=0x0000000011ff03a4 method=java.util.concurrent.locks.AbstractQueuedSynchronizer.signalNext(Ljava/util/concurrent/locks/AbstractQueuedSynchronizer$Node;)V @ 17 c2
Event: 102.379 Thread 0x000000006c18a450 DEOPT PACKING pc=0x0000000011ff03a4 sp=0x000000006cdaf0f0
Event: 102.379 Thread 0x000000006c18a450 DEOPT UNPACKING pc=0x00000000119023a3 sp=0x000000006cdaf080 mode 2

Classes unloaded (0 events):
No events

Classes redefined (0 events):
No events

Internal exceptions (20 events):
Event: 5.765 Thread 0x00000000667c5120 Exception <a 'java/lang/NullPointerException'{0x00000000a375ceb0}> (0x00000000a375ceb0) 
thrown [s\open\src\hotspot\share\interpreter\linkResolver.cpp, line 1350]
Event: 5.843 Thread 0x00000000667c5120 Exception <a 'java/lang/ClassNotFoundException'{0x00000000a34a2850}: com/sun/glass/ui/win/themes> (0x00000000a34a2850) 
thrown [s\open\src\hotspot\share\prims\jni.cpp, line 535]
Event: 5.843 Thread 0x00000000667c5120 Exception <a 'java/lang/ClassNotFoundException'{0x00000000a34aa7b8}: com/sun/glass/ui/win/themes_pl> (0x00000000a34aa7b8) 
thrown [s\open\src\hotspot\share\prims\jni.cpp, line 535]
Event: 5.844 Thread 0x00000000667c5120 Exception <a 'java/lang/ClassNotFoundException'{0x00000000a34abf40}: com/sun/glass/ui/win/themes_pl_PL> (0x00000000a34abf40) 
thrown [s\open\src\hotspot\share\prims\jni.cpp, line 535]
Event: 5.974 Thread 0x00000000667c5120 Exception <a 'java/lang/NoSuchMethodError'{0x00000000a5c2b648}: 'void java.lang.invoke.DirectMethodHandle$Holder.invokeSpecial(java.lang.Object, java.lang.Object, java.lang.Object, java.lang.Object, java.lang.Object)'> (0x00000000a5c2b648) 
thrown [s\open\src\hotspot\share\interpreter\linkResolver.cpp, line 759]
Event: 6.306 Thread 0x00000000667c5120 Exception <a 'java/io/FileNotFoundException'{0x00000000a5a01538}> (0x00000000a5a01538) 
thrown [s\open\src\hotspot\share\prims\jni.cpp, line 516]
Event: 6.681 Thread 0x00000000667c5120 Exception <a 'java/lang/IncompatibleClassChangeError'{0x00000000a3420d88}: Found class java.lang.Object, but interface was expected> (0x00000000a3420d88) 
thrown [s\open\src\hotspot\share\interpreter\linkResolver.cpp, line 826]
Event: 6.763 Thread 0x00000000667c5120 Exception <a 'java/lang/ClassNotFoundException'{0x00000000a321da08}: com/sun/javafx/scene/control/skin/resources/controls> (0x00000000a321da08) 
thrown [s\open\src\hotspot\share\prims\jni.cpp, line 535]
Event: 6.764 Thread 0x00000000667c5120 Exception <a 'java/lang/ClassNotFoundException'{0x00000000a322c818}: com/sun/javafx/scene/control/skin/resources/controls_pl> (0x00000000a322c818) 
thrown [s\open\src\hotspot\share\prims\jni.cpp, line 535]
Event: 6.765 Thread 0x00000000667c5120 Exception <a 'java/lang/ClassNotFoundException'{0x00000000a322e298}: com/sun/javafx/scene/control/skin/resources/controls_pl_PL> (0x00000000a322e298) 
thrown [s\open\src\hotspot\share\prims\jni.cpp, line 535]
Event: 6.844 Thread 0x00000000667c5120 Exception <a 'java/lang/NoSuchMethodError'{0x00000000a77edba8}: 'void java.lang.invoke.DirectMethodHandle$Holder.invokeSpecial(java.lang.Object, java.lang.Object, java.lang.Object, java.lang.Object, java.lang.Object, java.lang.Object)'> (0x00000000a77edba8) 
thrown [s\open\src\hotspot\share\interpreter\linkResolver.cpp, line 759]
Event: 6.995 Thread 0x00000000667c5120 Exception <a 'java/lang/NoSuchMethodError'{0x00000000a59adb30}: 'java.lang.Object java.lang.invoke.DirectMethodHandle$Holder.newInvokeSpecial(java.lang.Object, java.lang.Object, int)'> (0x00000000a59adb30) 
thrown [s\open\src\hotspot\share\interpreter\linkResolver.cpp, line 759]
Event: 7.044 Thread 0x00000000667c5120 Exception <a 'java/lang/NoSuchMethodError'{0x00000000a5877df0}: 'long java.lang.invoke.DirectMethodHandle$Holder.invokeStatic(java.lang.Object, java.lang.Object, java.lang.Object)'> (0x00000000a5877df0) 
thrown [s\open\src\hotspot\share\interpreter\linkResolver.cpp, line 759]
Event: 7.045 Thread 0x00000000667c5120 Exception <a 'java/lang/NoSuchMethodError'{0x00000000a587b598}: 'long java.lang.invoke.DirectMethodHandle$Holder.invokeStaticInit(java.lang.Object, java.lang.Object, java.lang.Object)'> (0x00000000a587b598) 
thrown [s\open\src\hotspot\share\interpreter\linkResolver.cpp, line 759]
Event: 7.048 Thread 0x00000000667c5120 Exception <a 'java/lang/NoSuchMethodError'{0x00000000a5893198}: 'java.lang.Object java.lang.invoke.DirectMethodHandle$Holder.newInvokeSpecial(java.lang.Object, java.lang.Object, long)'> (0x00000000a5893198) 
thrown [s\open\src\hotspot\share\interpreter\linkResolver.cpp, line 759]
Event: 7.049 Thread 0x00000000667c5120 Exception <a 'java/lang/NoSuchMethodError'{0x00000000a5896d08}: 'java.lang.Object java.lang.invoke.Invokers$Holder.linkToTargetMethod(java.lang.Object, long, java.lang.Object)'> (0x00000000a5896d08) 
thrown [s\open\src\hotspot\share\interpreter\linkResolver.cpp, line 759]
Event: 23.872 Thread 0x00000000667c5120 Exception <a 'java/lang/NoSuchMethodError'{0x00000000a357a560}: 'java.lang.Object java.lang.invoke.DirectMethodHandle$Holder.newInvokeSpecial(java.lang.Object, java.lang.Object, int, int, int, int, int, java.lang.Object)'> (0x00000000a357a560) 
thrown [s\open\src\hotspot\share\interpreter\linkResolver.cpp, line 759]
Event: 23.874 Thread 0x00000000667c5120 Exception <a 'java/lang/NoSuchMethodError'{0x00000000a358d7e0}: 'java.lang.Object java.lang.invoke.DirectMethodHandle$Holder.newInvokeSpecial(java.lang.Object, java.lang.Object, java.lang.Object, int, int, int, int, int)'> (0x00000000a358d7e0) 
thrown [s\open\src\hotspot\share\interpreter\linkResolver.cpp, line 759]
Event: 23.874 Thread 0x00000000667c5120 Exception <a 'java/lang/NoSuchMethodError'{0x00000000a3595040}: 'java.lang.Object java.lang.invoke.Invokers$Holder.linkToTargetMethod(java.lang.Object, java.lang.Object, int, int, int, int, int, java.lang.Object)'> (0x00000000a3595040) 
thrown [s\open\src\hotspot\share\interpreter\linkResolver.cpp, line 759]
Event: 102.381 Thread 0x00000000666fedf0 Exception <a 'java/lang/NullPointerException'{0x00000000a34a7258}> (0x00000000a34a7258) 
thrown [s\open\src\hotspot\share\prims\jni.cpp, line 901]

VM Operations (20 events):
Event: 41.150 Executing VM operation: Cleanup
Event: 41.150 Executing VM operation: Cleanup done
Event: 42.150 Executing VM operation: Cleanup
Event: 42.150 Executing VM operation: Cleanup done
Event: 44.150 Executing VM operation: Cleanup
Event: 44.150 Executing VM operation: Cleanup done
Event: 46.150 Executing VM operation: Cleanup
Event: 46.150 Executing VM operation: Cleanup done
Event: 50.150 Executing VM operation: Cleanup
Event: 50.150 Executing VM operation: Cleanup done
Event: 52.150 Executing VM operation: Cleanup
Event: 52.151 Executing VM operation: Cleanup done
Event: 54.150 Executing VM operation: Cleanup
Event: 54.150 Executing VM operation: Cleanup done
Event: 55.152 Executing VM operation: Cleanup
Event: 55.152 Executing VM operation: Cleanup done
Event: 57.152 Executing VM operation: Cleanup
Event: 57.152 Executing VM operation: Cleanup done
Event: 101.153 Executing VM operation: Cleanup
Event: 101.153 Executing VM operation: Cleanup done

Events (20 events):
Event: 7.077 loading class java/nio/DoubleBuffer
Event: 7.077 loading class java/nio/DoubleBuffer done
Event: 7.077 loading class java/nio/DirectFloatBufferU
Event: 7.077 loading class java/nio/DirectFloatBufferU done
Event: 7.109 Thread 0x000000006bc77fe0 Thread exited: 0x000000006bc77fe0
Event: 7.144 loading class jdk/internal/ref/CleanerImpl$InnocuousThreadFactory
Event: 7.144 loading class jdk/internal/ref/CleanerImpl$InnocuousThreadFactory done
Event: 7.144 Thread 0x000000006a5037a0 Thread added: 0x000000006a5037a0
Event: 7.158 loading class sun/misc/Unsafe
Event: 7.159 loading class sun/misc/Unsafe done
Event: 102.384 Thread 0x000000006c18a450 Thread exited: 0x000000006c18a450
Event: 102.390 Thread 0x00000000667c5120 Thread exited: 0x00000000667c5120
Event: 102.394 Thread 0x00000000002880f0 Thread exited: 0x00000000002880f0
Event: 102.394 Thread 0x000000006a503c70 Thread added: 0x000000006a503c70
Event: 102.395 Thread 0x000000006a504140 Thread added: 0x000000006a504140
Event: 102.395 Thread 0x000000006a504610 Thread added: 0x000000006a504610
Event: 102.395 Thread 0x0000000066347ee0 Thread exited: 0x0000000066347ee0
Event: 102.397 Thread 0x000000006a504610 Thread exited: 0x000000006a504610
Event: 102.398 Thread 0x000000006a504140 Thread exited: 0x000000006a504140
Event: 102.399 Thread 0x000000006a503c70 Thread exited: 0x000000006a503c70


Dynamic libraries:
0x000000013fba0000 - 0x000000013fbb0000 	C:\Program Files\Java\jdk-17\bin\java.exe
0x0000000076f00000 - 0x000000007709f000 	C:\Windows\SYSTEM32\ntdll.dll
0x0000000076ce0000 - 0x0000000076dff000 	C:\Windows\system32\kernel32.dll
0x000007fefcb70000 - 0x000007fefcbd7000 	C:\Windows\system32\KERNELBASE.dll
0x000007fed88c0000 - 0x000007fed88d9000 	C:\Program Files\Java\jdk-17\bin\jli.dll
0x000007fefe320000 - 0x000007fefe3fb000 	C:\Windows\system32\ADVAPI32.dll
0x000007fefd1c0000 - 0x000007fefd25f000 	C:\Windows\system32\msvcrt.dll
0x000007fefe130000 - 0x000007fefe14f000 	C:\Windows\SYSTEM32\sechost.dll
0x000007fefe000000 - 0x000007fefe12c000 	C:\Windows\system32\RPCRT4.dll
0x000007fefb280000 - 0x000007fefb475000 	C:\Windows\WinSxS\amd64_microsoft.windows.common-controls_6595b64144ccf1df_6.0.7601.24483_none_e372d88f30fbb845\COMCTL32.dll
0x000007fefe230000 - 0x000007fefe297000 	C:\Windows\system32\GDI32.dll
0x0000000076e00000 - 0x0000000076efa000 	C:\Windows\system32\USER32.dll
0x000007fefdff0000 - 0x000007fefdffe000 	C:\Windows\system32\LPK.dll
0x000007fefe400000 - 0x000007fefe4cb000 	C:\Windows\system32\USP10.dll
0x000007fefe2a0000 - 0x000007fefe311000 	C:\Windows\system32\SHLWAPI.dll
0x000007fefc980000 - 0x000007fefc98c000 	C:\Windows\system32\VERSION.dll
0x000007fed88e0000 - 0x000007fed88fb000 	C:\Program Files\Java\jdk-17\bin\VCRUNTIME140.dll
0x000007fed88b0000 - 0x000007fed88b4000 	C:\Program Files\Java\jdk-17\bin\api-ms-win-crt-runtime-l1-1-0.dll
0x000007fed0e50000 - 0x000007fed0f50000 	C:\Program Files\Java\jdk-17\bin\ucrtbase.DLL
0x000007fed8a40000 - 0x000007fed8a43000 	C:\Program Files\Java\jdk-17\bin\api-ms-win-core-localization-l1-2-0.dll
0x000007fed88a0000 - 0x000007fed88a3000 	C:\Program Files\Java\jdk-17\bin\api-ms-win-core-processthreads-l1-1-1.dll
0x000007fed8890000 - 0x000007fed8893000 	C:\Program Files\Java\jdk-17\bin\api-ms-win-core-file-l1-2-0.dll
0x000007fed8880000 - 0x000007fed8883000 	C:\Program Files\Java\jdk-17\bin\api-ms-win-core-timezone-l1-1-0.dll
0x000007fed8870000 - 0x000007fed8873000 	C:\Program Files\Java\jdk-17\bin\api-ms-win-core-file-l2-1-0.dll
0x000007fed40e0000 - 0x000007fed40e3000 	C:\Program Files\Java\jdk-17\bin\api-ms-win-core-synch-l1-2-0.dll
0x000007fed40c0000 - 0x000007fed40c3000 	C:\Program Files\Java\jdk-17\bin\api-ms-win-crt-heap-l1-1-0.dll
0x000007fed40b0000 - 0x000007fed40b4000 	C:\Program Files\Java\jdk-17\bin\api-ms-win-crt-string-l1-1-0.dll
0x000007fed3bd0000 - 0x000007fed3bd4000 	C:\Program Files\Java\jdk-17\bin\api-ms-win-crt-stdio-l1-1-0.dll
0x000007fed0e40000 - 0x000007fed0e44000 	C:\Program Files\Java\jdk-17\bin\api-ms-win-crt-convert-l1-1-0.dll
0x000007fed0e30000 - 0x000007fed0e33000 	C:\Program Files\Java\jdk-17\bin\api-ms-win-crt-environment-l1-1-0.dll
0x000007fed0e20000 - 0x000007fed0e23000 	C:\Program Files\Java\jdk-17\bin\api-ms-win-crt-filesystem-l1-1-0.dll
0x000007fed0e10000 - 0x000007fed0e15000 	C:\Program Files\Java\jdk-17\bin\api-ms-win-crt-math-l1-1-0.dll
0x000007fed0e00000 - 0x000007fed0e03000 	C:\Program Files\Java\jdk-17\bin\api-ms-win-crt-locale-l1-1-0.dll
0x000007fefce10000 - 0x000007fefce3e000 	C:\Windows\system32\IMM32.DLL
0x000007feff0d0000 - 0x000007feff1db000 	C:\Windows\system32\MSCTF.dll
0x000007fefc990000 - 0x000007fefc9c0000 	C:\Windows\system32\nvinitx.dll
0x00000000714e0000 - 0x00000000714e6000 	C:\Program Files\NVIDIA Corporation\CoProcManager\detoured.dll
0x000007fef2600000 - 0x000007fef2638000 	C:\Program Files\NVIDIA Corporation\CoProcManager\nvd3d9wrapx.dll
0x000007fefe980000 - 0x000007fefeb57000 	C:\Windows\system32\SETUPAPI.dll
0x000007fefcb10000 - 0x000007fefcb46000 	C:\Windows\system32\CFGMGR32.dll
0x000007fefe150000 - 0x000007fefe22b000 	C:\Windows\system32\OLEAUT32.dll
0x000007fefeb60000 - 0x000007fefed5f000 	C:\Windows\system32\ole32.dll
0x000007fefcab0000 - 0x000007fefcaca000 	C:\Windows\system32\DEVOBJ.dll
0x000007fef25d0000 - 0x000007fef25f4000 	C:\Program Files\NVIDIA Corporation\CoProcManager\nvdxgiwrapx.dll
0x000007fed0df0000 - 0x000007fed0dfc000 	C:\Program Files\Java\jdk-17\bin\vcruntime140_1.dll
0x000007fed0d60000 - 0x000007fed0dee000 	C:\Program Files\Java\jdk-17\bin\msvcp140.dll
0x000007fed0d50000 - 0x000007fed0d53000 	C:\Program Files\Java\jdk-17\bin\api-ms-win-crt-time-l1-1-0.dll
0x000007fed0d40000 - 0x000007fed0d43000 	C:\Program Files\Java\jdk-17\bin\api-ms-win-crt-utility-l1-1-0.dll
0x000007fecffc0000 - 0x000007fed0b9e000 	C:\Program Files\Java\jdk-17\bin\server\jvm.dll
0x000007feecb40000 - 0x000007feecb49000 	C:\Windows\system32\WSOCK32.dll
0x000007fefd070000 - 0x000007fefd0bd000 	C:\Windows\system32\WS2_32.dll
0x000007feff1e0000 - 0x000007feff1e8000 	C:\Windows\system32\NSI.dll
0x000007feef640000 - 0x000007feef67b000 	C:\Windows\system32\WINMM.dll
0x00000000770a0000 - 0x00000000770a7000 	C:\Windows\system32\PSAPI.DLL
0x000007fed0d30000 - 0x000007fed0d3a000 	C:\Program Files\Java\jdk-17\bin\jimage.dll
0x000007fef8910000 - 0x000007fef8a35000 	C:\Windows\system32\DBGHELP.DLL
0x000007fecff90000 - 0x000007fecffb5000 	C:\Program Files\Java\jdk-17\bin\java.dll
0x000007fecfeb0000 - 0x000007fecff87000 	C:\Program Files\Java\jdk-17\bin\jsvml.dll
0x000007fefd260000 - 0x000007fefdfeb000 	C:\Windows\system32\SHELL32.dll
0x000007fefca50000 - 0x000007fefca5f000 	C:\Windows\system32\profapi.dll
0x000007fed0d10000 - 0x000007fed0d29000 	C:\Program Files\Java\jdk-17\bin\net.dll
0x000007fef8cb0000 - 0x000007fef8d21000 	C:\Windows\system32\WINHTTP.dll
0x000007fef8c40000 - 0x000007fef8ca5000 	C:\Windows\system32\webio.dll
0x000007fefc190000 - 0x000007fefc1e5000 	C:\Windows\system32\mswsock.dll
0x000007fefc180000 - 0x000007fefc187000 	C:\Windows\System32\wship6.dll
0x000007fecfe90000 - 0x000007fecfea6000 	C:\Program Files\Java\jdk-17\bin\nio.dll
0x000007fecfe70000 - 0x000007fecfe88000 	C:\Program Files\Java\jdk-17\bin\zip.dll
0x000007fecfc50000 - 0x000007fecfc53000 	C:\Users\DevelopmentMPOS\javafx-sdk-21\bin\api-ms-win-core-console-l1-1-0.dll
0x000007fecfc40000 - 0x000007fecfc43000 	C:\Users\DevelopmentMPOS\javafx-sdk-21\bin\api-ms-win-core-console-l1-2-0.dll
0x000007fecfc30000 - 0x000007fecfc33000 	C:\Users\DevelopmentMPOS\javafx-sdk-21\bin\api-ms-win-core-datetime-l1-1-0.dll
0x000007fecfc20000 - 0x000007fecfc23000 	C:\Users\DevelopmentMPOS\javafx-sdk-21\bin\api-ms-win-core-debug-l1-1-0.dll
0x000007fecfc10000 - 0x000007fecfc13000 	C:\Users\DevelopmentMPOS\javafx-sdk-21\bin\api-ms-win-core-errorhandling-l1-1-0.dll
0x000007fecfc00000 - 0x000007fecfc04000 	C:\Users\DevelopmentMPOS\javafx-sdk-21\bin\api-ms-win-core-file-l1-1-0.dll
0x000007fecfbf0000 - 0x000007fecfbf3000 	C:\Users\DevelopmentMPOS\javafx-sdk-21\bin\api-ms-win-core-file-l1-2-0.dll
0x000007fecfbe0000 - 0x000007fecfbe3000 	C:\Users\DevelopmentMPOS\javafx-sdk-21\bin\api-ms-win-core-file-l2-1-0.dll
0x000007fecfbd0000 - 0x000007fecfbd3000 	C:\Users\DevelopmentMPOS\javafx-sdk-21\bin\api-ms-win-core-handle-l1-1-0.dll
0x000007fecfbc0000 - 0x000007fecfbc3000 	C:\Users\DevelopmentMPOS\javafx-sdk-21\bin\api-ms-win-core-heap-l1-1-0.dll
0x000007fecfbb0000 - 0x000007fecfbb3000 	C:\Users\DevelopmentMPOS\javafx-sdk-21\bin\api-ms-win-core-interlocked-l1-1-0.dll
0x000007fecfba0000 - 0x000007fecfba3000 	C:\Users\DevelopmentMPOS\javafx-sdk-21\bin\api-ms-win-core-libraryloader-l1-1-0.dll
0x000007fecfb90000 - 0x000007fecfb93000 	C:\Users\DevelopmentMPOS\javafx-sdk-21\bin\api-ms-win-core-localization-l1-2-0.dll
0x000007fecfb80000 - 0x000007fecfb83000 	C:\Users\DevelopmentMPOS\javafx-sdk-21\bin\api-ms-win-core-memory-l1-1-0.dll
0x000007fecfb70000 - 0x000007fecfb73000 	C:\Users\DevelopmentMPOS\javafx-sdk-21\bin\api-ms-win-core-namedpipe-l1-1-0.dll
0x000007fecfb60000 - 0x000007fecfb63000 	C:\Users\DevelopmentMPOS\javafx-sdk-21\bin\api-ms-win-core-processenvironment-l1-1-0.dll
0x000007fecfb50000 - 0x000007fecfb53000 	C:\Users\DevelopmentMPOS\javafx-sdk-21\bin\api-ms-win-core-processthreads-l1-1-0.dll
0x000007fecfb40000 - 0x000007fecfb43000 	C:\Users\DevelopmentMPOS\javafx-sdk-21\bin\api-ms-win-core-processthreads-l1-1-1.dll
0x000007fecfb30000 - 0x000007fecfb33000 	C:\Users\DevelopmentMPOS\javafx-sdk-21\bin\api-ms-win-core-profile-l1-1-0.dll
0x000007fecfb20000 - 0x000007fecfb23000 	C:\Users\DevelopmentMPOS\javafx-sdk-21\bin\api-ms-win-core-rtlsupport-l1-1-0.dll
0x000007fecf980000 - 0x000007fecf983000 	C:\Users\DevelopmentMPOS\javafx-sdk-21\bin\api-ms-win-core-string-l1-1-0.dll
0x000007fecf970000 - 0x000007fecf973000 	C:\Users\DevelopmentMPOS\javafx-sdk-21\bin\api-ms-win-core-synch-l1-1-0.dll
0x000007fecf960000 - 0x000007fecf963000 	C:\Users\DevelopmentMPOS\javafx-sdk-21\bin\api-ms-win-core-synch-l1-2-0.dll
0x000007fecf950000 - 0x000007fecf953000 	C:\Users\DevelopmentMPOS\javafx-sdk-21\bin\api-ms-win-core-sysinfo-l1-1-0.dll
0x000007fecf940000 - 0x000007fecf943000 	C:\Users\DevelopmentMPOS\javafx-sdk-21\bin\api-ms-win-core-timezone-l1-1-0.dll
0x000007fecf930000 - 0x000007fecf933000 	C:\Users\DevelopmentMPOS\javafx-sdk-21\bin\api-ms-win-core-util-l1-1-0.dll
0x000007fecf920000 - 0x000007fecf923000 	C:\Users\DevelopmentMPOS\javafx-sdk-21\bin\api-ms-win-crt-conio-l1-1-0.dll
0x000007fecf910000 - 0x000007fecf914000 	C:\Users\DevelopmentMPOS\javafx-sdk-21\bin\api-ms-win-crt-convert-l1-1-0.dll
0x000007fecf900000 - 0x000007fecf903000 	C:\Users\DevelopmentMPOS\javafx-sdk-21\bin\api-ms-win-crt-environment-l1-1-0.dll
0x000007fecf8f0000 - 0x000007fecf8f3000 	C:\Users\DevelopmentMPOS\javafx-sdk-21\bin\api-ms-win-crt-filesystem-l1-1-0.dll
0x000007fecf8e0000 - 0x000007fecf8e3000 	C:\Users\DevelopmentMPOS\javafx-sdk-21\bin\api-ms-win-crt-heap-l1-1-0.dll
0x000007fecf8d0000 - 0x000007fecf8d3000 	C:\Users\DevelopmentMPOS\javafx-sdk-21\bin\api-ms-win-crt-locale-l1-1-0.dll
0x000007fecf8c0000 - 0x000007fecf8c5000 	C:\Users\DevelopmentMPOS\javafx-sdk-21\bin\api-ms-win-crt-math-l1-1-0.dll
0x000007fecf8b0000 - 0x000007fecf8b5000 	C:\Users\DevelopmentMPOS\javafx-sdk-21\bin\api-ms-win-crt-multibyte-l1-1-0.dll
0x000007fecf8a0000 - 0x000007fecf8b0000 	C:\Users\DevelopmentMPOS\javafx-sdk-21\bin\api-ms-win-crt-private-l1-1-0.dll
0x000007fecf890000 - 0x000007fecf893000 	C:\Users\DevelopmentMPOS\javafx-sdk-21\bin\api-ms-win-crt-process-l1-1-0.dll
0x000007fecf880000 - 0x000007fecf884000 	C:\Users\DevelopmentMPOS\javafx-sdk-21\bin\api-ms-win-crt-runtime-l1-1-0.dll
0x000007fecf870000 - 0x000007fecf874000 	C:\Users\DevelopmentMPOS\javafx-sdk-21\bin\api-ms-win-crt-stdio-l1-1-0.dll
0x000007fecf860000 - 0x000007fecf864000 	C:\Users\DevelopmentMPOS\javafx-sdk-21\bin\api-ms-win-crt-string-l1-1-0.dll
0x000007fecf850000 - 0x000007fecf853000 	C:\Users\DevelopmentMPOS\javafx-sdk-21\bin\api-ms-win-crt-time-l1-1-0.dll
0x000007fecf840000 - 0x000007fecf843000 	C:\Users\DevelopmentMPOS\javafx-sdk-21\bin\api-ms-win-crt-utility-l1-1-0.dll
0x000007fecf740000 - 0x000007fecf83c000 	C:\Users\DevelopmentMPOS\javafx-sdk-21\bin\ucrtbase.dll
0x000007fecf720000 - 0x000007fecf73b000 	C:\Users\DevelopmentMPOS\javafx-sdk-21\bin\vcruntime140.dll
0x000007fecf710000 - 0x000007fecf71c000 	C:\Users\DevelopmentMPOS\javafx-sdk-21\bin\vcruntime140_1.dll
0x000007fecf680000 - 0x000007fecf70e000 	C:\Users\DevelopmentMPOS\javafx-sdk-21\bin\msvcp140.dll
0x000007fecf670000 - 0x000007fecf679000 	C:\Users\DevelopmentMPOS\javafx-sdk-21\bin\msvcp140_1.dll
0x000007fecf640000 - 0x000007fecf66f000 	C:\Users\DevelopmentMPOS\javafx-sdk-21\bin\msvcp140_2.dll
0x000007fecf610000 - 0x000007fecf63f000 	C:\Users\DevelopmentMPOS\javafx-sdk-21\bin\prism_d3d.dll
0x000007feec2e0000 - 0x000007feec4df000 	C:\Windows\system32\d3d9.dll
0x000007feec2d0000 - 0x000007feec2d7000 	C:\Windows\system32\d3d8thk.dll
0x000007fefaf60000 - 0x000007fefaf78000 	C:\Windows\system32\dwmapi.dll
0x000007fefca70000 - 0x000007fefcaab000 	C:\Windows\system32\WINTRUST.dll
0x000007fefcbe0000 - 0x000007fefcd4d000 	C:\Windows\system32\CRYPT32.dll
0x000007fefca60000 - 0x000007fefca6f000 	C:\Windows\system32\MSASN1.dll
0x000007fefaef0000 - 0x000007fefaf46000 	C:\Windows\system32\uxtheme.dll
0x000007feef5b0000 - 0x000007feef632000 	C:\Windows\system32\nvumdshimx.dll
0x000007fedb310000 - 0x000007fedbf30000 	C:\Windows\system32\igdumd64.dll
0x000007fecf5c0000 - 0x000007fecf602000 	C:\Users\DevelopmentMPOS\javafx-sdk-21\bin\glass.dll
0x000007fefcfd0000 - 0x000007fefd067000 	C:\Windows\system32\COMDLG32.dll
0x0000000180000000 - 0x00000001800eb000 	C:\Windows\SOFTCAMP\VSD\x64\SWAhMainx64.dll
0x0000000002230000 - 0x0000000002246000 	C:\Windows\SoftCamp\VSD\x64\swmonapix64.dll

dbghelp: loaded successfully - version: 4.0.5 - missing functions: none
symbol engine: initialized successfully - sym options: 0x614 - pdb path: .;C:\Program Files\Java\jdk-17\bin;C:\Windows\SYSTEM32;C:\Windows\WinSxS\amd64_microsoft.windows.common-controls_6595b64144ccf1df_6.0.7601.24483_none_e372d88f30fbb845;C:\Program Files\NVIDIA Corporation\CoProcManager;C:\Program Files\Java\jdk-17\bin\server;C:\Users\DevelopmentMPOS\javafx-sdk-21\bin;C:\Windows\SOFTCAMP\VSD\x64;C:\Windows;C:\Windows\Softcamp\Sdk;C:\Windows\Softcamp\Common\x64;C:\Windows\softcamp\WebSecurity\x64;C:\Program Files\Common Files\Microsoft Shared\Windows Live

VM Arguments:
jvm_args: --module-path=C:\Users\DevelopmentMPOS\javafx-sdk-21\lib --add-modules=javafx.fxml,javafx.graphics,javafx.controls,javafx.base,javafx.media,javafx.swing,javafx.web 
java_command: com.myflock.myflockapp.MyFlockApp
java_class_path (initial): C:\Users\DevelopmentMPOS\Documents\NetBeansProjects\MyFlockApp\target\classes;C:\Users\DevelopmentMPOS\.m2\repository\org\hibernate\hibernate-core-jakarta\5.6.15.Final\hibernate-core-jakarta-5.6.15.Final.jar;C:\Users\DevelopmentMPOS\.m2\repository\org\jboss\logging\jboss-logging\3.4.3.Final\jboss-logging-3.4.3.Final.jar;C:\Users\DevelopmentMPOS\.m2\repository\jakarta\persistence\jakarta.persistence-api\3.0.0\jakarta.persistence-api-3.0.0.jar;C:\Users\DevelopmentMPOS\.m2\repository\net\bytebuddy\byte-buddy\1.12.18\byte-buddy-1.12.18.jar;C:\Users\DevelopmentMPOS\.m2\repository\antlr\antlr\2.7.7\antlr-2.7.7.jar;C:\Users\DevelopmentMPOS\.m2\repository\jakarta\transaction\jakarta.transaction-api\2.0.0\jakarta.transaction-api-2.0.0.jar;C:\Users\DevelopmentMPOS\.m2\repository\org\jboss\jandex\2.4.2.Final\jandex-2.4.2.Final.jar;C:\Users\DevelopmentMPOS\.m2\repository\com\fasterxml\classmate\1.5.1\classmate-1.5.1.jar;C:\Users\DevelopmentMPOS\.m2\repository\jakarta\activation\jakarta.activation-api\2.0.1\jakarta.activation-api-2.0.1.jar;C:\Users\DevelopmentMPOS\.m2\repository\org\dom4j\dom4j\2.1.3\dom4j-2.1.3.jar;C:\Users\DevelopmentMPOS\.m2\repository\org\hibernate\common\hibernate-commons-annotations\5.1.2.Final\hibernate-commons-annotations-5.1.2.Final.jar;C:\Users\DevelopmentMPOS\.m2\repository\jakarta\xml\bind\jakarta.xml.bind-api\3.0.1\jakarta.xml.bind-api-3.0.1.jar;C:\Users\DevelopmentMPOS\.m2\repository\com\sun\activation\jakarta.activation\2.0.1\jakarta.activation-2.0.1.jar;C:\Users\DevelopmentMPOS\.m2\repository\org\glassfish\jaxb\jaxb-runtime\3.0.0\jaxb-runtime-3.0.0.jar;C:\Users\DevelopmentMPOS\.m2\repository\org\glassfish\jaxb\jaxb-core\3.0.0\jaxb-core-3.0.0.jar;C:\Users\DevelopmentMPOS\.m2\repository\org\glassfish\jaxb\txw2\3.0.0\txw2-3.0.0.jar;C:\Users\DevelopmentMPOS\.m2\repository\com\sun\istack\istack-commons-runtime\4.0.0\istack-commons-runtime-4.0.0.jar;C:\Users\DevelopmentMPOS\.m2\repository\com\mysql\mysql-connector-j\8.0.33\
Launcher Type: SUN_STANDARD

[Global flags]
     intx CICompilerCount                          = 3                                         {product} {ergonomic}
     uint ConcGCThreads                            = 1                                         {product} {ergonomic}
     uint G1ConcRefinementThreads                  = 4                                         {product} {ergonomic}
   size_t G1HeapRegionSize                         = 1048576                                   {product} {ergonomic}
    uintx GCDrainStackTargetSize                   = 64                                        {product} {ergonomic}
   size_t InitialHeapSize                          = 100663296                                 {product} {ergonomic}
   size_t MarkStackSize                            = 4194304                                   {product} {ergonomic}
   size_t MaxHeapSize                              = 1585446912                                {product} {ergonomic}
   size_t MaxNewSize                               = 951058432                                 {product} {ergonomic}
   size_t MinHeapDeltaBytes                        = 1048576                                   {product} {ergonomic}
   size_t MinHeapSize                              = 8388608                                   {product} {ergonomic}
    uintx NonNMethodCodeHeapSize                   = 5832780                                {pd product} {ergonomic}
    uintx NonProfiledCodeHeapSize                  = 122912730                              {pd product} {ergonomic}
    uintx ProfiledCodeHeapSize                     = 122912730                              {pd product} {ergonomic}
    uintx ReservedCodeCacheSize                    = 251658240                              {pd product} {ergonomic}
     bool SegmentedCodeCache                       = true                                      {product} {ergonomic}
   size_t SoftMaxHeapSize                          = 1585446912                             {manageable} {ergonomic}
     bool UseCompressedClassPointers               = true                           {product lp64_product} {ergonomic}
     bool UseCompressedOops                        = true                           {product lp64_product} {ergonomic}
     bool UseG1GC                                  = true                                      {product} {ergonomic}
     bool UseLargePagesIndividualAllocation        = false                                  {pd product} {ergonomic}

Logging:
Log output configuration:
 #0: stdout all=warning uptime,level,tags
 #1: stderr all=off uptime,level,tags

Environment Variables:
JAVA_HOME=C:\Program Files\Java\jdk-17
PATH=C:\Program Files\Common Files\Oracle\Java\javapath;C:\Windows\Softcamp\SDK;C:\Windows\Softcamp\SDS\x64;C:\Windows\Softcamp\SDS;C:\Program Files\Eclipse Adoptium\jdk-11.0.19.7-hotspot\bin;C:\Program Files\Common Files\Microsoft Shared\Windows Live;C:\Program Files (x86)\Common Files\Microsoft Shared\Windows Live;C:\Program Files (x86)\NVIDIA Corporation\PhysX\Common;C:\Program Files (x86)\Intel\iCLS Client\;C:\Program Files\Intel\iCLS Client\;C:\Windows\system32;C:\Windows;C:\Windows\System32\Wbem;C:\Windows\System32\WindowsPowerShell\v1.0\;C:\Program Files\Intel\Intel(R) Management Engine Components\DAL;C:\Program Files\Intel\Intel(R) Management Engine Components\IPT;C:\Program Files (x86)\Intel\Intel(R) Management Engine Components\DAL;C:\Program Files (x86)\Intel\Intel(R) Management Engine Components\IPT;C:\Program Files (x86)\Intel\OpenCL SDK\2.0\bin\x86;C:\Program Files (x86)\Intel\OpenCL SDK\2.0\bin\x64;C:\Program Files (x86)\Windows Live\Shared;C:\Windows\Softcamp\Common;C:\Windows\Softcamp\Common\x64;C:\Windows\SoftCamp\SDK\x64;C:\Windows\SoftCamp\VSD;C:\Windows\SoftCamp\VSD\x64;
USERNAME=DevelopmentMPOS
TZ=GMT0
OS=Windows_NT
PROCESSOR_IDENTIFIER=Intel64 Family 6 Model 42 Stepping 7, GenuineIntel



---------------  S Y S T E M  ---------------

OS:
 Windows 7 , 64 bit Build 7601 (6.1.7601.24511)
OS uptime: 0 days 2:45 hours

CPU: total 4 (initial active 4) (2 cores per cpu, 2 threads per core) family 6 model 42 stepping 7 microcode 0x0, cx8, cmov, fxsr, ht, mmx, sse, sse2, sse3, ssse3, sse4.1, sse4.2, popcnt, tsc, tscinvbit, avx, clmul, vzeroupper, clflush

Memory: 4k page, system-wide physical 6044M (964M free)
TotalPageFile size 12086M (AvailPageFile size 4592M)
current process WorkingSet (physical memory assigned to process): 170M, peak: 203M
current process commit charge ("private bytes"): 199M, peak: 247M

vm_info: Java HotSpot(TM) 64-Bit Server VM (17.0.8+9-LTS-211) for windows-amd64 JRE (17.0.8+9-LTS-211), built on Jun 14 2023 10:34:31 by "mach5one" with MS VC++ 17.1 (VS2022)

END.
